{"level":"error","message":"LOGIN pippo@gmail.com NOT FOUND","timestamp":"2015-11-23T11:02:56.576Z"}
{"level":"error","message":"LOGIN pippo@gmail.com NOT FOUND","timestamp":"2015-11-23T11:03:01.095Z"}
{"level":"error","message":"LOGIN mansequin@gmail.com NOT FOUND","timestamp":"2015-11-23T11:03:19.906Z"}
{"level":"error","message":"LOGIN pippo@gmail.com NOT FOUND","timestamp":"2015-11-23T11:08:20.670Z"}
{"level":"error","message":"LOGIN pippo@gmail.com NOT FOUND","timestamp":"2015-11-23T11:09:18.421Z"}
{"level":"error","message":"LOGIN msequino@gmail.com NOT FOUND","timestamp":"2015-11-23T11:09:24.477Z"}
{"level":"error","message":"LOGIN pippo@gmail.com NOT FOUND","timestamp":"2015-11-23T11:43:19.836Z"}
{"level":"info","message":"LOGIN mansequino@gmail.com log IN","timestamp":"2015-11-23T11:45:42.900Z"}
{"level":"info","message":"LOGIN mansequino@gmail.com log IN","timestamp":"2015-11-23T11:46:30.065Z"}
{"level":"info","message":"LOGIN mansequino@gmail.com log IN","timestamp":"2015-11-23T11:46:44.778Z"}
{"level":"info","message":"LOGIN mansequino@gmail.com log IN","timestamp":"2015-11-23T11:48:21.697Z"}
{"level":"error","message":"LOGIN pippo@gmail.com NOT FOUND","timestamp":"2015-11-23T11:59:27.002Z"}
{"level":"info","message":"LOGIN mansequino@gmail.com log IN","timestamp":"2015-11-23T11:59:33.558Z"}
{"level":"info","message":"LOGIN mansequino@gmail.com log IN","timestamp":"2015-11-23T21:28:37.102Z"}
{"level":"error","message":"LOGIN mansequino@gmail.com INVALID password","timestamp":"2015-11-23T22:03:38.264Z"}
{"level":"info","message":"LOGIN mansequino@gmail.com log IN","timestamp":"2015-11-23T22:04:51.458Z"}
{"level":"info","message":"LOGIN mansequino@gmail.com log IN","timestamp":"2015-11-23T22:06:38.295Z"}
{"level":"info","message":"LOGIN mansequino@gmail.com log IN","timestamp":"2015-11-23T22:17:57.293Z"}
{"level":"info","message":"LOGIN mansequino@gmail.com log IN","timestamp":"2015-11-24T10:31:57.541Z"}
{"level":"info","message":"LOGIN mansequino@gmail.com log IN","timestamp":"2015-11-24T10:32:15.964Z"}
{"level":"info","message":"LOGIN mansequino@gmail.com log IN","timestamp":"2015-11-24T10:32:52.468Z"}
{"level":"info","message":"LOGIN mansequino@gmail.com log IN","timestamp":"2015-11-24T10:33:28.595Z"}
{"level":"info","message":"LOGIN mansequino@gmail.com log IN","timestamp":"2015-11-24T10:33:56.546Z"}
{"level":"info","message":"LOGIN mansequino@gmail.com log IN","timestamp":"2015-11-24T10:34:13.395Z"}
{"level":"info","message":"LOGIN mansequino@gmail.com log IN","timestamp":"2015-11-24T10:34:34.366Z"}
{"level":"error","message":"LOGIN mansequino@gmail.com INVALID password","timestamp":"2015-11-24T10:34:55.394Z"}
{"level":"error","message":"LOGIN mansequino@gmail.com INVALID password","timestamp":"2015-11-24T10:35:35.391Z"}
{"level":"error","message":"LOGIN mansequino@gmail.com INVALID password","timestamp":"2015-11-24T10:39:16.250Z"}
{"level":"info","message":"LOGIN mansequino@gmail.com log IN","timestamp":"2015-11-24T11:01:06.586Z"}
{"level":"info","message":"LOGIN mansequino@gmail.com log IN","timestamp":"2015-11-24T11:02:45.590Z"}
{"level":"info","message":"LOGIN mansequino@gmail.com log IN","timestamp":"2015-11-24T11:08:21.895Z"}
{"level":"info","message":"LOGIN mansequino@gmail.com log IN","timestamp":"2015-11-24T11:09:21.001Z"}
{"level":"info","message":"LOGIN mansequino@gmail.com log IN","timestamp":"2015-11-24T11:09:49.569Z"}
{"level":"info","message":"LOGIN mansequino@gmail.com log IN","timestamp":"2015-11-24T11:10:49.354Z"}
{"level":"info","message":"LOGIN mansequino@gmail.com log IN","timestamp":"2015-11-24T11:13:44.991Z"}
{"level":"error","message":"LOGIN mansequino@gmail.com INVALID password","timestamp":"2015-11-24T11:14:52.250Z"}
{"level":"error","message":"LOGIN mansequino@gmail.com INVALID password","timestamp":"2015-11-24T11:15:16.430Z"}
{"level":"error","message":"LOGIN mansequino@gmail.com INVALID password","timestamp":"2015-11-24T11:16:27.789Z"}
{"level":"error","message":"LOGIN mansequino@gmail.com INVALID password","timestamp":"2015-11-24T11:21:31.762Z"}
{"level":"info","message":"LOGIN mansequino@gmail.com log IN","timestamp":"2015-11-24T11:21:40.813Z"}
{"level":"info","message":"LOGIN mansequino@gmail.com log IN","timestamp":"2015-11-24T11:22:30.231Z"}
{"level":"info","message":"LOGIN mansequino@gmail.com log IN","timestamp":"2015-11-24T11:26:49.875Z"}
{"level":"error","message":"LOGIN mansequino@gmail.com INVALID password","timestamp":"2015-11-24T11:26:55.131Z"}
{"level":"error","message":"LOGIN mansequino@gmail.com INVALID password","timestamp":"2015-11-24T11:27:21.207Z"}
{"level":"error","message":"LOGIN mansequino@gmail.com INVALID password","timestamp":"2015-11-24T11:28:30.378Z"}
{"level":"error","message":"LOGIN mansequino@gmail.com INVALID password","timestamp":"2015-11-24T11:29:50.302Z"}
{"level":"info","message":"LOGIN mansequino@gmail.com log IN","timestamp":"2015-11-24T11:29:55.680Z"}
{"level":"info","message":"LOGIN mansequino@gmail.com log IN","timestamp":"2015-11-24T11:30:58.655Z"}
{"level":"info","message":"LOGIN mansequino@gmail.com log IN","timestamp":"2015-11-24T11:32:09.944Z"}
{"level":"error","message":"LOGIN mansequino@gmail.com INVALID password","timestamp":"2015-11-24T11:33:11.245Z"}
{"level":"info","message":"LOGIN mansequino@gmail.com log IN","timestamp":"2015-11-24T11:41:48.838Z"}
{"level":"error","message":"LOGIN mansequino@gmail.com INVALID password","timestamp":"2015-11-24T11:44:40.186Z"}
{"level":"info","message":"LOGIN mansequino@gmail.com log IN","timestamp":"2015-11-24T11:44:46.529Z"}
{"level":"info","message":"LOGIN mansequino@gmail.com log IN","timestamp":"2015-11-24T11:48:48.372Z"}
{"level":"info","message":"LOGIN mansequino@gmail.com log IN","timestamp":"2015-11-24T11:49:23.715Z"}
{"level":"error","message":"LOGIN mansequino@gmail.com INVALID password","timestamp":"2015-11-24T12:41:21.318Z"}
{"level":"error","message":"LOGIN mansequino@gmail.com1 NOT FOUND","timestamp":"2015-11-24T12:41:28.298Z"}
{"level":"info","message":"LOGIN mansequino@gmail.com log IN","timestamp":"2015-11-24T12:41:34.282Z"}
{"level":"info","message":"LOGIN mansequino@gmail.com log IN","timestamp":"2015-11-24T12:47:50.995Z"}
{"level":"info","message":"LOGIN mansequino@gmail.com log IN","timestamp":"2015-11-24T12:57:46.363Z"}
{"level":"info","message":"LOGIN mansequino@gmail.com log IN","timestamp":"2015-11-24T13:05:55.747Z"}
{"level":"info","message":"LOGIN mansequino@gmail.com log IN","timestamp":"2015-11-24T13:20:10.114Z"}
{"level":"info","message":"LOGIN mansequino@gmail.com log IN","timestamp":"2015-11-24T13:22:35.300Z"}
{"level":"info","message":"LOGIN mansequino@gmail.com log IN","timestamp":"2015-11-24T13:30:15.403Z"}
{"level":"info","message":"LOGIN mansequino@gmail.com log IN","timestamp":"2015-11-24T13:32:05.630Z"}
{"level":"info","message":"LOGIN mansequino@gmail.com log IN","timestamp":"2015-11-24T13:33:05.923Z"}
{"level":"info","message":"LOGIN mansequino@gmail.com log IN","timestamp":"2015-11-24T13:45:15.829Z"}
{"level":"info","message":"LOGIN mansequino@gmail.com log IN","timestamp":"2015-11-24T13:59:09.962Z"}
{"level":"info","message":"LOGIN mansequino@gmail.com log IN","timestamp":"2015-11-24T13:59:25.074Z"}
{"level":"info","message":"LOGIN mansequino@gmail.com log IN","timestamp":"2015-11-24T14:04:17.040Z"}
{"level":"info","message":"LOGIN mansequino@gmail.com log IN","timestamp":"2015-11-24T14:10:34.167Z"}
{"level":"info","message":"LOGIN mansequino@gmail.com log IN","timestamp":"2015-11-24T14:10:39.813Z"}
{"level":"info","message":"LOGIN mansequino@gmail.com log IN","timestamp":"2015-11-24T14:18:55.955Z"}
{"level":"info","message":"LOGIN mansequino@gmail.com log IN","timestamp":"2015-11-24T14:19:32.474Z"}
{"level":"info","message":"LOGIN mansequino@gmail.com log IN","timestamp":"2015-11-24T14:20:03.885Z"}
{"level":"info","message":"LOGIN mansequino@gmail.com log IN","timestamp":"2015-11-24T14:20:08.401Z"}
{"level":"info","message":"LOGIN mansequino@gmail.com log IN","timestamp":"2015-11-24T14:20:13.647Z"}
{"level":"info","message":"LOGIN mansequino@gmail.com log IN","timestamp":"2015-11-25T21:01:22.099Z"}
{"level":"info","message":"LOGIN mansequino@gmail.com log IN","timestamp":"2015-11-25T21:02:17.138Z"}
{"level":"info","message":"LOGIN mansequino@gmail.com log IN","timestamp":"2015-11-25T21:02:38.682Z"}
{"level":"info","message":"LOGIN mansequino@gmail.com log IN","timestamp":"2015-11-25T21:03:04.545Z"}
{"level":"info","message":"LOGIN mansequino@gmail.com log IN","timestamp":"2015-11-25T21:04:34.810Z"}
{"level":"info","message":"LOGIN mansequino@gmail.com log IN","timestamp":"2015-11-25T21:06:36.969Z"}
{"level":"info","message":"LOGIN mansequino@gmail.com log IN","timestamp":"2015-11-25T21:18:09.715Z"}
{"level":"info","message":"LOGIN mansequino@gmail.com log IN","timestamp":"2015-11-25T21:18:38.632Z"}
{"level":"info","message":"LOGIN mansequino@gmail.com log IN","timestamp":"2015-11-25T21:19:04.673Z"}
{"level":"info","message":"LOGIN mansequino@gmail.com log IN","timestamp":"2015-11-25T21:25:23.756Z"}
{"level":"info","message":"LOGIN mansequino@gmail.com log IN","timestamp":"2015-11-25T21:26:40.911Z"}
{"level":"info","message":"LOGIN mansequino@gmail.com log IN","timestamp":"2015-11-25T21:29:00.522Z"}
{"level":"info","message":"LOGIN mansequino@gmail.com log IN","timestamp":"2015-11-25T21:56:04.719Z"}
{"level":"info","message":"LOGIN mansequino@gmail.com log IN","timestamp":"2015-11-25T22:16:17.258Z"}
{"level":"info","message":"LOGIN mansequino@gmail.com log IN","timestamp":"2015-11-25T22:27:00.033Z"}
{"level":"info","message":"LOGIN mansequino@gmail.com log IN","timestamp":"2015-11-25T22:35:38.301Z"}
{"level":"info","message":"LOGIN mansequino@gmail.com log IN","timestamp":"2015-11-25T22:37:08.453Z"}
{"level":"info","message":"LOGIN mansequino@gmail.com log IN","timestamp":"2015-11-25T22:41:06.623Z"}
{"level":"info","message":"LOGIN mansequino@gmail.com log IN","timestamp":"2015-11-25T22:42:34.745Z"}
{"level":"info","message":"LOGIN mansequino@gmail.com log IN","timestamp":"2015-11-25T22:43:22.410Z"}
{"level":"info","message":"LOGIN mansequino@gmail.com log IN","timestamp":"2015-12-01T15:50:38.860Z"}
{"level":"info","message":"LOGIN mansequino@gmail.com log IN","timestamp":"2015-12-01T15:59:06.569Z"}
{"level":"info","message":"LOGIN mansequino@gmail.com log IN","timestamp":"2015-12-01T16:01:10.684Z"}
{"level":"info","message":"LOGIN mansequino@gmail.com log IN","timestamp":"2015-12-01T16:02:51.884Z"}
{"level":"info","message":"LOGIN mansequino@gmail.com log IN","timestamp":"2015-12-01T16:04:13.003Z"}
{"level":"info","message":"LOGIN mansequino@gmail.com log IN","timestamp":"2015-12-01T16:06:51.451Z"}
{"level":"info","message":"LOGIN mansequino@gmail.com log IN","timestamp":"2015-12-01T16:12:33.098Z"}
{"level":"info","message":"LOGIN mansequino@gmail.com log IN","timestamp":"2015-12-01T16:13:27.580Z"}
{"level":"info","message":"LOGIN mansequino@gmail.com log IN","timestamp":"2015-12-01T16:14:40.169Z"}
{"level":"info","message":"LOGIN mansequino@gmail.com log IN","timestamp":"2015-12-01T16:21:05.934Z"}
{"level":"info","message":"LOGIN mansequino@gmail.com log IN","timestamp":"2015-12-01T16:27:41.248Z"}
{"level":"info","message":"LOGIN mansequino@gmail.com log IN","timestamp":"2015-12-01T16:28:52.297Z"}
{"level":"info","message":"LOGIN mansequino@gmail.com log IN","timestamp":"2015-12-01T16:29:37.337Z"}
{"level":"info","message":"LOGIN mansequino@gmail.com log IN","timestamp":"2015-12-01T16:31:11.511Z"}
{"level":"info","message":"LOGIN mansequino@gmail.com log IN","timestamp":"2015-12-01T16:34:05.172Z"}
{"level":"info","message":"LOGIN mansequino@gmail.com log IN","timestamp":"2015-12-01T16:34:54.347Z"}
{"level":"error","message":"LOGIN mansequino@gmail.com INVALID password","timestamp":"2015-12-01T16:42:36.355Z"}
{"level":"error","message":"LOGIN mansequino@gmail.com INVALID password","timestamp":"2015-12-01T16:42:38.257Z"}
{"level":"info","message":"LOGIN mansequino@gmail.com log IN","timestamp":"2015-12-01T16:42:41.580Z"}
{"level":"info","message":"LOGIN mansequino@gmail.com log IN","timestamp":"2015-12-01T16:43:11.124Z"}
{"level":"info","message":"LOGIN mansequino@gmail.com log IN","timestamp":"2015-12-01T16:46:35.633Z"}
{"level":"info","message":"LOGIN mansequino@gmail.com log IN","timestamp":"2015-12-01T16:47:31.669Z"}
{"level":"info","message":"LOGIN mansequino@gmail.com log IN","timestamp":"2015-12-01T16:48:02.399Z"}
{"level":"info","message":"LOGIN mansequino@gmail.com log IN","timestamp":"2015-12-01T16:50:57.195Z"}
{"level":"info","message":"LOGIN mansequino@gmail.com log IN","timestamp":"2015-12-01T16:51:57.946Z"}
{"level":"info","message":"LOGIN mansequino@gmail.com log IN","timestamp":"2015-12-01T16:52:05.021Z"}
{"level":"info","message":"LOGIN mansequino@gmail.com log IN","timestamp":"2015-12-01T16:55:53.186Z"}
{"level":"info","message":"LOGIN mansequino@gmail.com log IN","timestamp":"2015-12-01T17:00:02.094Z"}
{"level":"info","message":"LOGIN mansequino@gmail.com log IN","timestamp":"2015-12-01T17:03:04.080Z"}
{"level":"info","message":"LOGIN mansequino@gmail.com log IN","timestamp":"2015-12-01T17:03:31.794Z"}
{"level":"info","message":"LOGIN mansequino@gmail.com log IN","timestamp":"2015-12-01T17:13:19.419Z"}
{"level":"info","message":"LOGIN mansequino@gmail.com log IN","timestamp":"2015-12-01T17:13:26.158Z"}
{"level":"info","message":"LOGIN mansequino@gmail.com log IN","timestamp":"2015-12-01T17:19:35.300Z"}
{"level":"info","message":"LOGIN mansequino@gmail.com log IN","timestamp":"2015-12-01T17:21:44.689Z"}
{"level":"info","message":"LOGIN mansequino@gmail.com log IN","timestamp":"2015-12-01T17:22:37.348Z"}
{"level":"info","message":"LOGIN mansequino@gmail.com log IN","timestamp":"2015-12-01T17:22:42.823Z"}
{"level":"info","message":"LOGIN mansequino@gmail.com log IN","timestamp":"2015-12-01T17:24:26.671Z"}
{"level":"info","message":"LOGIN mansequino@gmail.com log IN","timestamp":"2015-12-01T17:27:25.218Z"}
{"level":"info","message":"LOGIN mansequino@gmail.com log IN","timestamp":"2015-12-01T17:56:54.479Z"}
{"level":"info","message":"LOGIN mansequino@gmail.com log IN","timestamp":"2015-12-01T18:02:43.697Z"}
{"level":"info","message":"LOGIN mansequino@gmail.com log IN","timestamp":"2015-12-01T21:03:25.921Z"}
{"level":"info","message":"LOGIN mansequino@gmail.com log IN","timestamp":"2015-12-01T21:03:34.775Z"}
{"level":"info","message":"LOGIN mansequino@gmail.com log IN","timestamp":"2015-12-01T21:03:42.151Z"}
{"level":"info","message":"LOGIN mansequino@gmail.com log IN","timestamp":"2015-12-01T21:04:04.218Z"}
{"level":"info","message":"LOGIN mansequino@gmail.com log IN","timestamp":"2015-12-01T21:18:26.825Z"}
{"level":"info","message":"LOGIN mansequino@gmail.com log IN","timestamp":"2015-12-01T21:19:28.909Z"}
{"level":"info","message":"LOGIN mansequino@gmail.com log IN","timestamp":"2015-12-01T21:19:34.270Z"}
{"level":"info","message":"LOGIN mansequino@gmail.com log IN","timestamp":"2015-12-01T21:24:15.001Z"}
{"level":"info","message":"LOGIN mansequino@gmail.com log IN","timestamp":"2015-12-01T21:27:11.885Z"}
{"level":"info","message":"LOGIN mansequino@gmail.com log IN","timestamp":"2015-12-01T21:33:32.468Z"}
{"level":"info","message":"LOGIN mansequino@gmail.com log IN","timestamp":"2015-12-01T21:34:09.416Z"}
{"level":"info","message":"LOGIN mansequino@gmail.com log IN","timestamp":"2015-12-01T21:38:19.813Z"}
{"level":"info","message":"LOGIN mansequino@gmail.com log IN","timestamp":"2015-12-01T21:39:54.148Z"}
{"level":"info","message":"LOGIN mansequino@gmail.com log IN","timestamp":"2015-12-01T21:40:47.107Z"}
{"level":"info","message":"LOGIN mansequino@gmail.com log IN","timestamp":"2015-12-01T21:42:19.895Z"}
{"level":"info","message":"LOGIN mansequino@gmail.com log IN","timestamp":"2015-12-01T21:47:30.572Z"}
{"level":"info","message":"LOGIN mansequino@gmail.com log IN","timestamp":"2015-12-01T21:49:04.522Z"}
{"level":"info","message":"LOGIN mansequino@gmail.com log IN","timestamp":"2015-12-01T21:51:36.626Z"}
{"level":"info","message":"LOGIN mansequino@gmail.com log IN","timestamp":"2015-12-01T21:51:39.740Z"}
{"level":"info","message":"LOGIN mansequino@gmail.com log IN","timestamp":"2015-12-01T21:52:03.638Z"}
{"level":"info","message":"LOGIN mansequino@gmail.com log IN","timestamp":"2015-12-01T21:56:48.224Z"}
{"level":"info","message":"LOGIN mansequino@gmail.com log IN","timestamp":"2015-12-01T22:07:26.877Z"}
{"level":"info","message":"LOGIN mansequino@gmail.com log IN","timestamp":"2015-12-01T22:07:30.480Z"}
{"level":"info","message":"LOGIN mansequino@gmail.com log IN","timestamp":"2015-12-01T22:07:31.867Z"}
{"level":"info","message":"LOGIN mansequino@gmail.com log IN","timestamp":"2015-12-01T22:29:03.062Z"}
{"level":"info","message":"LOGIN mansequino@gmail.com log IN","timestamp":"2015-12-01T22:29:38.829Z"}
{"level":"info","message":"LOGIN mansequino@gmail.com log IN","timestamp":"2015-12-01T22:31:03.948Z"}
{"level":"info","message":"LOGIN mansequino@gmail.com log IN","timestamp":"2015-12-01T22:32:58.744Z"}
{"level":"info","message":"LOGIN mansequino@gmail.com log IN","timestamp":"2015-12-01T22:43:09.360Z"}
{"level":"info","message":"LOGIN mansequino@gmail.com log IN","timestamp":"2015-12-01T22:45:41.153Z"}
{"level":"info","message":"LOGIN mansequino@gmail.com log IN","timestamp":"2015-12-01T22:46:05.522Z"}
{"level":"info","message":"LOGIN mansequino@gmail.com log IN","timestamp":"2015-12-01T22:47:02.550Z"}
{"level":"info","message":"LOGIN mansequino@gmail.com log IN","timestamp":"2015-12-01T22:47:34.089Z"}
{"level":"info","message":"LOGIN mansequino@gmail.com log IN","timestamp":"2015-12-01T22:48:05.354Z"}
{"level":"info","message":"LOGIN mansequino@gmail.com log IN","timestamp":"2015-12-01T22:49:37.842Z"}
{"level":"info","message":"LOGIN mansequino@gmail.com log IN","timestamp":"2015-12-01T22:50:08.923Z"}
{"level":"info","message":"LOGIN mansequino@gmail.com log IN","timestamp":"2015-12-01T22:51:12.612Z"}
{"level":"info","message":"LOGIN mansequino@gmail.com log IN","timestamp":"2015-12-01T22:51:57.480Z"}
{"level":"info","message":"LOGIN mansequino@gmail.com log IN","timestamp":"2015-12-01T22:52:20.377Z"}
{"level":"info","message":"LOGIN mansequino@gmail.com log IN","timestamp":"2015-12-01T22:52:46.147Z"}
{"level":"info","message":"LOGIN mansequino@gmail.com log IN","timestamp":"2015-12-01T22:55:23.471Z"}
{"level":"info","message":"LOGIN mansequino@gmail.com log IN","timestamp":"2015-12-01T22:55:28.818Z"}
{"level":"info","message":"LOGIN mansequino@gmail.com log IN","timestamp":"2015-12-01T22:55:46.915Z"}
{"level":"info","message":"LOGIN mansequino@gmail.com log IN","timestamp":"2015-12-01T22:58:02.098Z"}
{"level":"info","message":"LOGIN mansequino@gmail.com log IN","timestamp":"2015-12-02T09:45:07.145Z"}
{"level":"info","message":"LOGIN mansequino@gmail.com log IN","timestamp":"2015-12-02T09:50:35.197Z"}
{"level":"info","message":"LOGIN mansequino@gmail.com log IN","timestamp":"2015-12-02T09:53:47.005Z"}
{"level":"info","message":"LOGIN mansequino@gmail.com log IN","timestamp":"2015-12-02T09:53:57.361Z"}
{"level":"info","message":"LOGIN mansequino@gmail.com log IN","timestamp":"2015-12-02T09:54:10.350Z"}
{"level":"info","message":"LOGIN mansequino@gmail.com log IN","timestamp":"2015-12-02T09:58:01.371Z"}
{"level":"info","message":"LOGIN mansequino@gmail.com log IN","timestamp":"2015-12-02T10:11:52.844Z"}
{"level":"info","message":"LOGIN mansequino@gmail.com log IN","timestamp":"2015-12-02T10:15:10.113Z"}
{"level":"info","message":"LOGIN mansequino@gmail.com log IN","timestamp":"2015-12-02T13:13:07.295Z"}
{"level":"info","message":"LOGIN mansequino@gmail.com log IN","timestamp":"2015-12-02T13:14:48.057Z"}
{"level":"info","message":"LOGIN mansequino@gmail.com log IN","timestamp":"2015-12-02T13:15:40.385Z"}
{"level":"info","message":"LOGIN mansequino@gmail.com log IN","timestamp":"2015-12-02T13:18:30.445Z"}
{"level":"info","message":"LOGIN mansequino@gmail.com log IN","timestamp":"2015-12-02T13:19:30.172Z"}
{"level":"info","message":"LOGIN mansequino@gmail.com log IN","timestamp":"2015-12-02T13:23:34.349Z"}
{"level":"info","message":"LOGIN mansequino@gmail.com log IN","timestamp":"2015-12-02T13:33:19.221Z"}
{"level":"info","message":"LOGIN mansequino@gmail.com log IN","timestamp":"2015-12-02T13:33:27.776Z"}
{"level":"info","message":"LOGIN mansequino@gmail.com log IN","timestamp":"2015-12-02T13:41:25.388Z"}
{"level":"info","message":"LOGIN mansequino@gmail.com log IN","timestamp":"2015-12-02T13:44:46.282Z"}
{"level":"info","message":"LOGIN mansequino@gmail.com log IN","timestamp":"2015-12-02T13:48:07.231Z"}
{"level":"info","message":"LOGIN mansequino@gmail.com log IN","timestamp":"2015-12-02T13:50:37.178Z"}
{"level":"info","message":"LOGIN mansequino@gmail.com log IN","timestamp":"2015-12-02T13:55:37.309Z"}
{"level":"info","message":"LOGIN mansequino@gmail.com log IN","timestamp":"2015-12-02T13:57:05.689Z"}
{"level":"info","message":"LOGIN mansequino@gmail.com log IN","timestamp":"2015-12-02T13:58:21.312Z"}
{"level":"info","message":"LOGIN mansequino@gmail.com log IN","timestamp":"2015-12-02T14:17:55.032Z"}
{"level":"info","message":"LOGIN mansequino@gmail.com log IN","timestamp":"2015-12-02T14:35:45.214Z"}
{"level":"info","message":"LOGIN mansequino@gmail.com log IN","timestamp":"2015-12-02T14:37:49.699Z"}
{"level":"info","message":"LOGIN mansequino@gmail.com log IN","timestamp":"2015-12-02T14:41:07.084Z"}
{"level":"info","message":"LOGIN mansequino@gmail.com log IN","timestamp":"2015-12-02T14:43:20.293Z"}
{"level":"info","message":"LOGIN mansequino@gmail.com log IN","timestamp":"2015-12-02T14:45:43.241Z"}
{"level":"info","message":"LOGIN mansequino@gmail.com log IN","timestamp":"2015-12-02T14:49:10.182Z"}
{"level":"info","message":"LOGIN mansequino@gmail.com log IN","timestamp":"2015-12-02T14:49:26.069Z"}
{"level":"info","message":"LOGIN mansequino@gmail.com log IN","timestamp":"2015-12-02T14:58:02.586Z"}
{"level":"info","message":"LOGIN mansequino@gmail.com log IN","timestamp":"2015-12-02T15:02:30.562Z"}
{"level":"info","message":"LOGIN mansequino@gmail.com log IN","timestamp":"2015-12-02T15:07:05.296Z"}
{"level":"info","message":"LOGIN mansequino@gmail.com log IN","timestamp":"2015-12-02T15:17:13.107Z"}
{"level":"info","message":"LOGIN mansequino@gmail.com log IN","timestamp":"2015-12-02T15:21:56.169Z"}
{"level":"info","message":"LOGIN mansequino@gmail.com log IN","timestamp":"2015-12-02T15:28:59.550Z"}
{"level":"info","message":"LOGIN mansequino@gmail.com log IN","timestamp":"2015-12-02T15:32:06.004Z"}
{"level":"info","message":"LOGIN mansequino@gmail.com log IN","timestamp":"2015-12-02T15:33:28.588Z"}
{"level":"info","message":"LOGIN mansequino@gmail.com log IN","timestamp":"2015-12-02T15:34:14.148Z"}
{"level":"info","message":"LOGIN mansequino@gmail.com log IN","timestamp":"2015-12-02T15:35:35.140Z"}
{"level":"info","message":"LOGIN mansequino@gmail.com log IN","timestamp":"2015-12-02T15:37:30.153Z"}
{"level":"info","message":"LOGIN mansequino@gmail.com log IN","timestamp":"2015-12-02T15:39:28.491Z"}
{"level":"info","message":"LOGIN mansequino@gmail.com log IN","timestamp":"2015-12-02T15:40:39.123Z"}
{"level":"info","message":"LOGIN mansequino@gmail.com log IN","timestamp":"2015-12-02T15:43:37.005Z"}
{"level":"info","message":"LOGIN mansequino@gmail.com log IN","timestamp":"2015-12-02T15:44:54.624Z"}
{"level":"info","message":"LOGIN mansequino@gmail.com log IN","timestamp":"2015-12-02T15:46:26.975Z"}
{"level":"info","message":"LOGIN mansequino@gmail.com log IN","timestamp":"2015-12-02T15:52:32.267Z"}
{"level":"info","message":"LOGIN mansequino@gmail.com log IN","timestamp":"2015-12-02T16:03:22.368Z"}
{"level":"info","message":"LOGIN mansequino@gmail.com log IN","timestamp":"2015-12-02T16:05:02.497Z"}
{"level":"info","message":"LOGIN mansequino@gmail.com log IN","timestamp":"2015-12-02T16:06:20.699Z"}
{"level":"info","message":"LOGIN mansequino@gmail.com log IN","timestamp":"2015-12-02T16:07:50.191Z"}
{"level":"info","message":"LOGIN mansequino@gmail.com log IN","timestamp":"2015-12-02T16:09:16.685Z"}
{"level":"info","message":"LOGIN mansequino@gmail.com log IN","timestamp":"2015-12-02T16:09:36.112Z"}
{"level":"info","message":"LOGIN mansequino@gmail.com log IN","timestamp":"2015-12-02T16:09:40.266Z"}
{"level":"info","message":"LOGIN mansequino@gmail.com log IN","timestamp":"2015-12-02T16:26:25.117Z"}
{"level":"info","message":"LOGIN mansequino@gmail.com log IN","timestamp":"2015-12-02T16:27:20.543Z"}
{"level":"info","message":"LOGIN mansequino@gmail.com log IN","timestamp":"2015-12-02T16:29:09.601Z"}
{"level":"info","message":"LOGIN mansequino@gmail.com log IN","timestamp":"2015-12-02T16:33:22.419Z"}
{"level":"info","message":"LOGIN mansequino@gmail.com log IN","timestamp":"2015-12-02T16:54:15.417Z"}
{"level":"info","message":"LOGIN mansequino@gmail.com log IN","timestamp":"2015-12-03T21:36:24.502Z"}
{"level":"info","message":"LOGIN mansequino@gmail.com log IN","timestamp":"2015-12-03T21:55:04.226Z"}
{"level":"info","message":"LOGIN mansequino@gmail.com log IN","timestamp":"2015-12-03T21:56:43.980Z"}
{"level":"info","message":"LOGIN mansequino@gmail.com log IN","timestamp":"2015-12-03T22:01:52.506Z"}
{"level":"info","message":"LOGIN mansequino@gmail.com log IN","timestamp":"2015-12-03T22:03:44.843Z"}
{"level":"info","message":"LOGIN mansequino@gmail.com log IN","timestamp":"2015-12-03T22:06:58.486Z"}
{"level":"info","message":"LOGIN mansequino@gmail.com log IN","timestamp":"2015-12-03T22:08:21.760Z"}
{"level":"info","message":"LOGIN mansequino@gmail.com log IN","timestamp":"2015-12-03T22:09:32.760Z"}
{"level":"info","message":"LOGIN mansequino@gmail.com log IN","timestamp":"2015-12-03T22:18:15.194Z"}
{"level":"info","message":"LOGIN mansequino@gmail.com log IN","timestamp":"2015-12-03T22:20:26.861Z"}
{"level":"info","message":"LOGIN mansequino@gmail.com log IN","timestamp":"2015-12-03T22:22:36.146Z"}
{"level":"info","message":"LOGIN mansequino@gmail.com log IN","timestamp":"2015-12-03T22:24:16.219Z"}
{"level":"info","message":"LOGIN mansequino@gmail.com log IN","timestamp":"2015-12-03T22:29:09.400Z"}
{"level":"info","message":"LOGIN mansequino@gmail.com log IN","timestamp":"2015-12-03T22:30:46.627Z"}
{"level":"info","message":"LOGIN mansequino@gmail.com log IN","timestamp":"2015-12-03T22:33:41.325Z"}
{"level":"info","message":"LOGIN mansequino@gmail.com log IN","timestamp":"2015-12-03T22:38:29.673Z"}
{"level":"info","message":"LOGIN mansequino@gmail.com log IN","timestamp":"2015-12-03T22:39:47.481Z"}
{"level":"info","message":"LOGIN mansequino@gmail.com log IN","timestamp":"2015-12-03T22:41:15.476Z"}
{"level":"info","message":"LOGIN mansequino@gmail.com log IN","timestamp":"2015-12-03T22:44:11.631Z"}
{"level":"info","message":"LOGIN mansequino@gmail.com log IN","timestamp":"2015-12-03T22:51:33.040Z"}
{"level":"info","message":"LOGIN mansequino@gmail.com log IN","timestamp":"2015-12-03T22:52:47.550Z"}
{"level":"info","message":"LOGIN mansequino@gmail.com log IN","timestamp":"2015-12-03T22:55:16.367Z"}
{"level":"info","message":"LOGIN mansequino@gmail.com log IN","timestamp":"2015-12-03T22:56:34.553Z"}
{"level":"info","message":"LOGIN mansequino@gmail.com log IN","timestamp":"2015-12-03T23:02:37.264Z"}
{"level":"info","message":"LOGIN mansequino@gmail.com log IN","timestamp":"2015-12-03T23:04:50.364Z"}
{"level":"info","message":"LOGIN mansequino@gmail.com log IN","timestamp":"2015-12-03T23:14:29.150Z"}
{"level":"info","message":"LOGIN mansequino@gmail.com log IN","timestamp":"2015-12-03T23:16:08.881Z"}
{"level":"info","message":"LOGIN mansequino@gmail.com log IN","timestamp":"2015-12-03T23:18:21.407Z"}
{"level":"info","message":"LOGIN mansequino@gmail.com log IN","timestamp":"2015-12-03T23:19:52.647Z"}
{"level":"info","message":"LOGIN mansequino@gmail.com log IN","timestamp":"2015-12-03T23:25:02.675Z"}
{"level":"info","message":"LOGIN mansequino@gmail.com log IN","timestamp":"2015-12-03T23:28:12.094Z"}
{"level":"info","message":"LOGIN mansequino@gmail.com log IN","timestamp":"2015-12-03T23:29:42.893Z"}
{"level":"info","message":"LOGIN mansequino@gmail.com log IN","timestamp":"2015-12-03T23:30:52.298Z"}
{"level":"info","message":"LOGIN mansequino@gmail.com log IN","timestamp":"2015-12-03T23:35:23.914Z"}
{"level":"info","message":"LOGIN mansequino@gmail.com log IN","timestamp":"2015-12-03T23:36:44.646Z"}
{"level":"info","message":"LOGIN mansequino@gmail.com log IN","timestamp":"2015-12-03T23:42:13.518Z"}
{"level":"info","message":"LOGIN mansequino@gmail.com log IN","timestamp":"2015-12-03T23:44:09.572Z"}
{"level":"info","message":"LOGIN mansequino@gmail.com log IN","timestamp":"2015-12-03T23:45:12.531Z"}
{"level":"info","message":"LOGIN mansequino@gmail.com log IN","timestamp":"2015-12-03T23:46:26.004Z"}
{"level":"info","message":"LOGIN mansequino@gmail.com log IN","timestamp":"2015-12-03T23:48:24.970Z"}
{"level":"info","message":"LOGIN mansequino@gmail.com log IN","timestamp":"2015-12-04T16:33:56.053Z"}
{"level":"info","message":"LOGIN mansequino@gmail.com log IN","timestamp":"2015-12-05T18:06:20.653Z"}
{"level":"info","message":"LOGIN mansequino@gmail.com log IN","timestamp":"2015-12-06T14:55:00.277Z"}
{"level":"info","message":"LOGIN mansequino@gmail.com log IN","timestamp":"2015-12-06T15:26:01.689Z"}
{"level":"info","message":"LOGIN mansequino@gmail.com log IN","timestamp":"2015-12-06T15:26:24.422Z"}
{"level":"info","message":"LOGIN mansequino@gmail.com log IN","timestamp":"2015-12-06T15:28:04.898Z"}
{"level":"info","message":"LOGIN mansequino@gmail.com log IN","timestamp":"2015-12-06T15:29:27.612Z"}
{"level":"info","message":"LOGIN mansequino@gmail.com log IN","timestamp":"2015-12-06T15:30:58.259Z"}
{"level":"info","message":"LOGIN mansequino@gmail.com log IN","timestamp":"2015-12-06T15:31:42.144Z"}
{"level":"info","message":"LOGIN mansequino@gmail.com log IN","timestamp":"2015-12-06T15:32:25.580Z"}
{"level":"info","message":"LOGIN mansequino@gmail.com log IN","timestamp":"2015-12-06T15:33:16.376Z"}
{"level":"info","message":"LOGIN mansequino@gmail.com log IN","timestamp":"2015-12-06T15:39:19.248Z"}
{"level":"info","message":"LOGIN man.sequino@gmail.com log IN","timestamp":"2015-12-06T15:42:23.629Z"}
{"level":"info","message":"LOGIN man.sequino@gmail.com log IN","timestamp":"2015-12-06T15:45:32.126Z"}
{"level":"error","message":"LOGIN man.sequino@gmail.com NOT FOUND","timestamp":"2015-12-06T16:01:34.211Z"}
{"level":"info","message":"LOGIN mansequino@gmail.com log IN","timestamp":"2015-12-06T16:01:42.805Z"}
{"level":"info","message":"LOGIN mansequino@gmail.com log IN","timestamp":"2015-12-06T16:03:14.166Z"}
{"level":"info","message":"LOGIN man.sequino@gmail.com log IN","timestamp":"2015-12-06T16:04:10.333Z"}
{"level":"info","message":"LOGIN m.ansequino@gmail.com log IN","timestamp":"2015-12-06T16:06:58.052Z"}
{"level":"info","message":"LOGIN m.ansequino@gmail.com log IN","timestamp":"2015-12-06T16:29:23.068Z"}
{"level":"info","message":"LOGIN man.sequino@gmail.com log IN","timestamp":"2015-12-06T16:31:55.489Z"}
{"level":"info","message":"LOGIN man.sequino@gmail.com log IN","timestamp":"2015-12-06T16:32:54.547Z"}
{"level":"info","message":"LOGIN man.sequino@gmail.com log IN","timestamp":"2015-12-06T16:33:11.910Z"}
{"level":"info","message":"LOGIN man.sequino@gmail.com log IN","timestamp":"2015-12-06T16:34:37.077Z"}
{"level":"info","message":"LOGIN man.sequino@gmail.com log IN","timestamp":"2015-12-06T16:35:37.111Z"}
{"level":"info","message":"LOGIN man.sequino@gmail.com log IN","timestamp":"2015-12-06T16:35:56.637Z"}
{"level":"info","message":"LOGIN man.sequino@gmail.com log IN","timestamp":"2015-12-06T16:39:31.266Z"}
{"level":"info","message":"LOGIN man.sequino@gmail.com log IN","timestamp":"2015-12-06T16:39:50.397Z"}
{"level":"info","message":"LOGIN man.sequino@gmail.com log IN","timestamp":"2015-12-06T16:40:59.056Z"}
{"level":"info","message":"LOGIN man.sequino@gmail.com log IN","timestamp":"2015-12-06T16:42:45.339Z"}
{"level":"info","message":"LOGIN man.sequino@gmail.com log IN","timestamp":"2015-12-06T16:48:53.611Z"}
{"level":"info","message":"LOGIN man.sequino@gmail.com log IN","timestamp":"2015-12-06T16:55:49.244Z"}
{"level":"info","message":"LOGIN man.sequino@gmail.com log IN","timestamp":"2015-12-06T16:56:08.642Z"}
{"level":"info","message":"LOGIN man.sequino@gmail.com log IN","timestamp":"2015-12-07T11:10:35.018Z"}
{"level":"info","message":"LOGIN man.sequino@gmail.com log IN","timestamp":"2015-12-07T11:13:53.976Z"}
{"level":"info","message":"LOGIN man.sequino@gmail.com log IN","timestamp":"2015-12-07T11:14:22.201Z"}
{"level":"info","message":"LOGIN man.sequino@gmail.com log IN","timestamp":"2015-12-07T11:23:01.277Z"}
{"level":"info","message":"LOGIN man.sequino@gmail.com log IN","timestamp":"2015-12-07T11:25:17.997Z"}
{"level":"info","message":"LOGIN man.sequino@gmail.com log IN","timestamp":"2015-12-07T11:40:33.553Z"}
{"level":"info","message":"LOGIN man.sequino@gmail.com log IN","timestamp":"2015-12-07T11:41:12.023Z"}
{"level":"info","message":"LOGIN m.ansequino@gmail.com log IN","timestamp":"2015-12-07T11:41:26.721Z"}
{"level":"info","message":"LOGIN man.sequino@gmail.com log IN","timestamp":"2015-12-07T11:45:45.573Z"}
{"level":"info","message":"LOGIN man.sequino@gmail.com log IN","timestamp":"2015-12-07T11:45:57.471Z"}
{"level":"info","message":"LOGIN man.sequino@gmail.com log IN","timestamp":"2015-12-07T11:46:20.254Z"}
{"level":"info","message":"LOGIN man.sequino@gmail.com log IN","timestamp":"2015-12-07T11:46:45.276Z"}
{"level":"info","message":"LOGIN m.ansequino@gmail.com log IN","timestamp":"2015-12-07T11:46:51.481Z"}
{"level":"info","message":"LOGIN m.ansequino@gmail.com log IN","timestamp":"2015-12-07T11:48:21.474Z"}
{"level":"info","message":"LOGIN man.sequino@gmail.com log IN","timestamp":"2015-12-07T11:49:13.586Z"}
{"level":"info","message":"LOGIN man.sequino@gmail.com log IN","timestamp":"2015-12-07T11:49:59.432Z"}
{"level":"info","message":"LOGIN man.sequino@gmail.com log IN","timestamp":"2015-12-07T11:50:05.100Z"}
{"level":"info","message":"LOGIN m.ansequino@gmail.com log IN","timestamp":"2015-12-07T11:50:16.595Z"}
{"level":"info","message":"LOGIN mansequino@gmail.com log IN","timestamp":"2015-12-07T11:50:31.355Z"}
{"level":"info","message":"LOGIN mansequino@gmail.com log IN","timestamp":"2015-12-07T11:52:42.802Z"}
{"level":"info","message":"LOGIN mansequino@gmail.com log IN","timestamp":"2015-12-07T11:53:31.456Z"}
{"level":"info","message":"LOGIN m.ansequino@gmail.com log IN","timestamp":"2015-12-07T11:54:03.996Z"}
{"level":"info","message":"LOGIN man.sequino@gmail.com log IN","timestamp":"2015-12-07T11:54:17.079Z"}
{"level":"info","message":"LOGIN man.sequino@gmail.com log IN","timestamp":"2015-12-07T11:56:15.219Z"}
{"level":"info","message":"LOGIN man.sequino@gmail.com log IN","timestamp":"2015-12-07T11:56:39.550Z"}
{"level":"info","message":"LOGIN m.ansequino@gmail.com log IN","timestamp":"2015-12-07T11:57:15.562Z"}
{"level":"info","message":"LOGIN mansequino@gmail.com log IN","timestamp":"2015-12-07T11:57:30.226Z"}
{"level":"info","message":"LOGIN m.ansequino@gmail.com log IN","timestamp":"2015-12-07T12:28:44.197Z"}
{"level":"info","message":"LOGIN mansequino@gmail.com log IN","timestamp":"2015-12-07T12:39:01.782Z"}
{"level":"info","message":"LOGIN m.ansequino@gmail.com log IN","timestamp":"2015-12-07T12:39:07.903Z"}
{"level":"info","message":"LOGIN m.ansequino@gmail.com log IN","timestamp":"2015-12-07T12:40:30.598Z"}
{"level":"info","message":"LOGIN mansequino@gmail.com log IN","timestamp":"2015-12-07T12:44:15.474Z"}
{"level":"info","message":"LOGIN m.ansequino@gmail.com log IN","timestamp":"2015-12-07T12:44:19.513Z"}
{"level":"info","message":"LOGIN mansequino@gmail.com log IN","timestamp":"2015-12-07T12:45:08.875Z"}
{"level":"info","message":"LOGIN m.ansequino@gmail.com log IN","timestamp":"2015-12-07T12:45:13.659Z"}
{"level":"info","message":"LOGIN m.ansequino@gmail.com log IN","timestamp":"2015-12-07T12:47:20.781Z"}
{"level":"info","message":"LOGIN m.ansequino@gmail.com log IN","timestamp":"2015-12-07T12:49:45.312Z"}
{"level":"info","message":"LOGIN m.ansequino@gmail.com log IN","timestamp":"2015-12-07T12:50:21.740Z"}
{"level":"info","message":"LOGIN m.ansequino@gmail.com log IN","timestamp":"2015-12-07T13:02:09.827Z"}
{"level":"info","message":"LOGIN m.ansequino@gmail.com log IN","timestamp":"2015-12-07T13:02:49.781Z"}
{"level":"info","message":"LOGIN m.ansequino@gmail.com log IN","timestamp":"2015-12-07T13:06:09.223Z"}
{"level":"info","message":"LOGIN m.ansequino@gmail.com log IN","timestamp":"2015-12-07T13:52:49.543Z"}
{"level":"info","message":"LOGIN mansequino@gmail.com log IN","timestamp":"2015-12-07T13:55:44.344Z"}
{"level":"info","message":"LOGIN m.ansequino@gmail.com log IN","timestamp":"2015-12-07T13:55:49.371Z"}
{"level":"info","message":"LOGIN mansequino@gmail.com log IN","timestamp":"2015-12-07T17:35:13.000Z"}
{"level":"info","message":"LOGIN m.ansequino@gmail.com log IN","timestamp":"2015-12-07T17:35:21.078Z"}
{"level":"info","message":"LOGIN mansequino@gmail.com log IN","timestamp":"2015-12-07T18:17:26.301Z"}
{"level":"info","message":"LOGIN m.ansequino@gmail.com log IN","timestamp":"2015-12-07T18:17:30.614Z"}
{"level":"info","message":"LOGIN m.ansequino@gmail.com log IN","timestamp":"2015-12-07T18:19:15.626Z"}
{"level":"info","message":"LOGIN m.ansequino@gmail.com log IN","timestamp":"2015-12-07T18:20:08.352Z"}
{"level":"info","message":"LOGIN m.ansequino@gmail.com log IN","timestamp":"2015-12-07T18:21:00.594Z"}
{"level":"info","message":"LOGIN m.ansequino@gmail.com log IN","timestamp":"2015-12-07T18:21:34.326Z"}
{"level":"info","message":"LOGIN m.ansequino@gmail.com log IN","timestamp":"2015-12-07T18:23:24.580Z"}
{"level":"info","message":"LOGIN m.ansequino@gmail.com log IN","timestamp":"2015-12-07T18:30:57.695Z"}
{"level":"info","message":"LOGIN m.ansequino@gmail.com log IN","timestamp":"2015-12-07T18:33:24.396Z"}
{"level":"info","message":"LOGIN mansequino@gmail.com log IN","timestamp":"2015-12-07T18:38:26.698Z"}
{"level":"info","message":"LOGIN m.ansequino@gmail.com log IN","timestamp":"2015-12-07T18:38:31.300Z"}
{"level":"info","message":"LOGIN m.ansequino@gmail.com log IN","timestamp":"2015-12-07T18:41:20.377Z"}
{"level":"info","message":"LOGIN mansequino@gmail.com log IN","timestamp":"2015-12-07T18:48:41.951Z"}
{"level":"error","message":"LOGIN m-ansequino@gmail.com NOT FOUND","timestamp":"2015-12-07T18:48:45.381Z"}
{"level":"info","message":"LOGIN m.ansequino@gmail.com log IN","timestamp":"2015-12-07T18:48:46.866Z"}
{"level":"info","message":"LOGIN m.ansequino@gmail.com log IN","timestamp":"2015-12-07T18:49:10.924Z"}
{"level":"info","message":"LOGIN m.ansequino@gmail.com log IN","timestamp":"2015-12-07T18:55:33.365Z"}
{"level":"info","message":"LOGIN m.ansequino@gmail.com log IN","timestamp":"2015-12-07T19:10:19.170Z"}
{"level":"info","message":"LOGIN m.ansequino@gmail.com log IN","timestamp":"2015-12-07T19:11:32.710Z"}
{"level":"info","message":"LOGIN mansequino@gmail.com log IN","timestamp":"2015-12-07T19:16:00.516Z"}
{"level":"info","message":"LOGIN mansequino@gmail.com log IN","timestamp":"2015-12-07T19:16:48.862Z"}
{"level":"info","message":"LOGIN mansequino@gmail.com log IN","timestamp":"2015-12-07T19:17:37.588Z"}
{"level":"info","message":"LOGIN mansequino@gmail.com log IN","timestamp":"2015-12-07T19:27:01.080Z"}
{"level":"info","message":"LOGIN mansequino@gmail.com log IN","timestamp":"2015-12-07T19:27:24.273Z"}
{"level":"info","message":"LOGIN mansequino@gmail.com log IN","timestamp":"2015-12-07T19:27:58.951Z"}
{"level":"info","message":"LOGIN mansequino@gmail.com log IN","timestamp":"2015-12-07T19:28:47.997Z"}
{"level":"info","message":"LOGIN mansequino@gmail.com log IN","timestamp":"2015-12-07T19:34:32.170Z"}
{"level":"info","message":"LOGIN mansequino@gmail.com log IN","timestamp":"2015-12-07T19:34:55.856Z"}
{"level":"error","message":"LOGIN mansequino@gmail.com INVALID password","timestamp":"2015-12-07T19:35:01.247Z"}
{"level":"info","message":"LOGIN mansequino@gmail.com log IN","timestamp":"2015-12-07T19:35:46.079Z"}
{"level":"info","message":"LOGIN mansequino@gmail.com log IN","timestamp":"2015-12-07T19:36:21.066Z"}
{"level":"info","message":"LOGIN mansequino@gmail.com log IN","timestamp":"2015-12-07T19:37:48.927Z"}
{"level":"error","message":"LOGIN mansequino@gmail.com NOT FOUND","timestamp":"2015-12-07T19:39:27.742Z"}
{"level":"info","message":"LOGIN m.ansequino@gmail.com log IN","timestamp":"2015-12-07T19:39:30.841Z"}
{"level":"error","message":"LOGIN mansequino@gmail.com NOT FOUND","timestamp":"2015-12-07T19:41:41.069Z"}
{"level":"error","message":"LOGIN mansequino@gmail.com NOT FOUND","timestamp":"2015-12-07T19:41:47.693Z"}
{"level":"error","message":"LOGIN mansequino@gmail.com NOT FOUND","timestamp":"2015-12-07T19:42:52.344Z"}
{"level":"info","message":"LOGIN m.ansequino@gmail.com log IN","timestamp":"2015-12-07T19:42:54.184Z"}
{"level":"info","message":"LOGIN m.ansequino@gmail.com log IN","timestamp":"2015-12-07T19:44:49.132Z"}
{"level":"info","message":"LOGIN m.ansequino@gmail.com log IN","timestamp":"2015-12-07T19:46:44.213Z"}
{"level":"error","message":"LOGIN mansequino@gmail.com NOT FOUND","timestamp":"2015-12-07T19:47:13.697Z"}
{"level":"info","message":"LOGIN m.ansequino@gmail.com log IN","timestamp":"2015-12-07T19:47:15.479Z"}
{"level":"info","message":"LOGIN m.ansequino@gmail.com log IN","timestamp":"2015-12-07T19:48:08.185Z"}
{"level":"info","message":"LOGIN mansequino@gmail.com log IN","timestamp":"2015-12-07T19:49:01.873Z"}
{"level":"error","message":"LOGIN mansequino@gmail.com INVALID password","timestamp":"2015-12-07T19:49:26.890Z"}
{"level":"error","message":"LOGIN mansequino@gmail.com INVALID password","timestamp":"2015-12-07T19:49:33.035Z"}
{"level":"info","message":"LOGIN mansequino@gmail.com log IN","timestamp":"2015-12-07T19:50:16.212Z"}
{"level":"info","message":"LOGIN mansequino@gmail.com log IN","timestamp":"2015-12-07T19:51:48.153Z"}
{"level":"info","message":"LOGIN mansequino@gmail.com log IN","timestamp":"2015-12-07T19:53:07.573Z"}
{"level":"info","message":"LOGIN mansequino@gmail.com log IN","timestamp":"2015-12-07T19:53:44.314Z"}
{"level":"error","message":"LOGIN mansequino@gmail.com INVALID password","timestamp":"2015-12-07T19:57:14.272Z"}
{"level":"info","message":"LOGIN mansequino@gmail.com log IN","timestamp":"2015-12-07T19:57:19.826Z"}
{"level":"info","message":"LOGIN mansequino@gmail.com log IN","timestamp":"2015-12-07T19:57:59.568Z"}
{"level":"info","message":"LOGIN mansequino@gmail.com log IN","timestamp":"2015-12-07T19:59:00.800Z"}
{"level":"info","message":"LOGIN mansequino@gmail.com log IN","timestamp":"2015-12-07T20:00:06.742Z"}
{"level":"error","message":"LOGIN mansequino@gmail.com INVALID password","timestamp":"2015-12-07T20:00:36.532Z"}
{"level":"info","message":"LOGIN mansequino@gmail.com log IN","timestamp":"2015-12-07T20:00:41.193Z"}
{"level":"error","message":"LOGIN mansequino@gmail.com INVALID password","timestamp":"2015-12-07T20:01:28.904Z"}
{"level":"error","message":"LOGIN mansequino@gmail.com INVALID password","timestamp":"2015-12-07T20:01:30.193Z"}
{"level":"info","message":"LOGIN mansequino@gmail.com log IN","timestamp":"2015-12-07T20:01:35.611Z"}
{"level":"info","message":"LOGIN mansequino@gmail.com log IN","timestamp":"2015-12-07T20:02:41.705Z"}
{"level":"info","message":"LOGIN mansequino@gmail.com log IN","timestamp":"2015-12-07T20:03:36.229Z"}
{"level":"info","message":"LOGIN mansequino@gmail.com log IN","timestamp":"2015-12-07T20:05:13.323Z"}
{"level":"info","message":"LOGIN mansequino@gmail.com log IN","timestamp":"2015-12-07T20:08:02.336Z"}
{"level":"info","message":"LOGIN mansequino@gmail.com log IN","timestamp":"2015-12-07T20:08:35.530Z"}
{"level":"info","message":"LOGIN mansequino@gmail.com log IN","timestamp":"2015-12-07T20:10:26.484Z"}
{"level":"info","message":"LOGIN mansequino@gmail.com log IN","timestamp":"2015-12-07T20:12:35.851Z"}
{"level":"error","message":"LOGIN mansequino@gmail.com INVALID password","timestamp":"2015-12-07T20:12:52.039Z"}
{"level":"error","message":"LOGIN mansequino@gmail.com INVALID password","timestamp":"2015-12-07T20:13:21.653Z"}
{"level":"info","message":"LOGIN mansequino@gmail.com log IN","timestamp":"2015-12-07T20:13:25.839Z"}
{"level":"info","message":"LOGIN mansequino@gmail.com log IN","timestamp":"2015-12-07T20:16:42.517Z"}
{"level":"info","message":"LOGIN mansequino@gmail.com log IN","timestamp":"2015-12-07T20:19:07.995Z"}
{"level":"info","message":"LOGIN mansequino@gmail.com log IN","timestamp":"2015-12-07T20:21:10.190Z"}
{"level":"info","message":"LOGIN mansequino@gmail.com log IN","timestamp":"2015-12-07T20:24:13.026Z"}
{"level":"info","message":"LOGIN mansequino@gmail.com log IN","timestamp":"2015-12-07T20:25:00.479Z"}
{"level":"info","message":"LOGIN mansequino@gmail.com log IN","timestamp":"2015-12-07T20:26:06.673Z"}
{"level":"info","message":"LOGIN mansequino@gmail.com log IN","timestamp":"2015-12-07T20:26:43.194Z"}
{"level":"info","message":"LOGIN mansequino@gmail.com log IN","timestamp":"2015-12-07T20:31:08.492Z"}
{"level":"info","message":"LOGIN mansequino@gmail.com log IN","timestamp":"2015-12-07T20:32:18.994Z"}
{"level":"info","message":"LOGIN mansequino@gmail.com log IN","timestamp":"2015-12-07T20:32:43.839Z"}
{"level":"info","message":"LOGIN mansequino@gmail.com log IN","timestamp":"2015-12-07T20:33:05.611Z"}
{"level":"info","message":"LOGIN m.ansequino@gmail.com log IN","timestamp":"2015-12-07T20:33:38.607Z"}
{"level":"info","message":"LOGIN mansequino@gmail.com log IN","timestamp":"2015-12-07T20:33:49.799Z"}
{"level":"info","message":"LOGIN mansequino@gmail.com log IN","timestamp":"2015-12-07T21:06:54.740Z"}
{"level":"info","message":"LOGIN mansequino@gmail.com log IN","timestamp":"2015-12-07T21:08:31.469Z"}
{"level":"info","message":"LOGIN m.ansequino@gmail.com log IN","timestamp":"2015-12-07T21:48:37.265Z"}
{"level":"info","message":"LOGIN m.ansequino@gmail.com log IN","timestamp":"2015-12-07T21:51:01.448Z"}
{"level":"info","message":"LOGIN m.ansequino@gmail.com log IN","timestamp":"2015-12-07T21:52:32.204Z"}
{"level":"error","message":"LOGIN mansequino@gmail.com INVALID password","timestamp":"2015-12-10T08:36:11.423Z"}
{"level":"info","message":"LOGIN m.ansequino@gmail.com log IN","timestamp":"2015-12-10T08:36:17.624Z"}
{"level":"info","message":"LOGIN m.ansequino@gmail.com log IN","timestamp":"2015-12-10T08:50:09.917Z"}
{"level":"info","message":"LOGIN m.ansequino@gmail.com log IN","timestamp":"2015-12-10T08:51:15.340Z"}
{"level":"info","message":"LOGIN m.ansequino@gmail.com log IN","timestamp":"2015-12-10T08:51:39.540Z"}
{"level":"info","message":"LOGIN m.ansequino@gmail.com log IN","timestamp":"2015-12-10T09:09:43.830Z"}
{"level":"info","message":"LOGIN m.ansequino@gmail.com log IN","timestamp":"2015-12-10T09:10:26.616Z"}
{"level":"info","message":"LOGIN m.ansequino@gmail.com log IN","timestamp":"2015-12-10T09:11:35.807Z"}
{"level":"info","message":"LOGIN m.ansequino@gmail.com log IN","timestamp":"2015-12-10T09:12:38.456Z"}
{"level":"info","message":"LOGIN m.ansequino@gmail.com log IN","timestamp":"2015-12-10T09:13:13.670Z"}
{"level":"info","message":"LOGIN m.ansequino@gmail.com log IN","timestamp":"2015-12-10T09:14:49.423Z"}
{"level":"info","message":"LOGIN m.ansequino@gmail.com log IN","timestamp":"2015-12-10T09:28:21.935Z"}
{"level":"info","message":"LOGIN m.ansequino@gmail.com log IN","timestamp":"2015-12-10T09:29:06.361Z"}
{"level":"info","message":"LOGIN m.ansequino@gmail.com log IN","timestamp":"2015-12-10T09:32:05.828Z"}
{"level":"info","message":"LOGIN m.ansequino@gmail.com log IN","timestamp":"2015-12-10T09:33:44.361Z"}
{"level":"info","message":"LOGIN m.ansequino@gmail.com log IN","timestamp":"2015-12-10T09:38:07.906Z"}
{"level":"info","message":"LOGIN m.ansequino@gmail.com log IN","timestamp":"2015-12-10T10:06:07.585Z"}
{"level":"info","message":"LOGIN m.ansequino@gmail.com log IN","timestamp":"2015-12-10T10:29:10.362Z"}
{"level":"info","message":"LOGIN m.ansequino@gmail.com log IN","timestamp":"2015-12-10T10:31:19.155Z"}
{"level":"info","message":"LOGIN m.ansequino@gmail.com log IN","timestamp":"2015-12-10T10:31:56.536Z"}
{"level":"error","message":"LOGIN mansequino@gmail.com INVALID password","timestamp":"2015-12-10T10:36:21.487Z"}
{"level":"info","message":"LOGIN mansequino@gmail.com log IN","timestamp":"2015-12-10T10:36:42.997Z"}
{"level":"info","message":"LOGIN mansequino@gmail.com log IN","timestamp":"2015-12-10T10:37:33.856Z"}
{"level":"info","message":"LOGIN m.ansequino@gmail.com log IN","timestamp":"2015-12-10T10:41:34.027Z"}
{"level":"info","message":"LOGIN m.ansequino@gmail.com log IN","timestamp":"2015-12-10T10:44:02.151Z"}
{"level":"info","message":"LOGIN m.ansequino@gmail.com log IN","timestamp":"2015-12-10T10:44:59.546Z"}
{"level":"info","message":"LOGIN m.ansequino@gmail.com log IN","timestamp":"2015-12-10T10:47:14.747Z"}
{"level":"info","message":"LOGIN mansequino@gmail.com log IN","timestamp":"2015-12-10T10:47:24.721Z"}
{"level":"info","message":"LOGIN m.ansequino@gmail.com log IN","timestamp":"2015-12-10T10:50:34.545Z"}
{"level":"info","message":"LOGIN mansequino@gmail.com log IN","timestamp":"2015-12-10T10:50:47.058Z"}
{"level":"info","message":"LOGIN m.ansequino@gmail.com log IN","timestamp":"2015-12-10T10:53:17.355Z"}
{"level":"info","message":"LOGIN m.ansequino@gmail.com log IN","timestamp":"2015-12-10T10:54:02.192Z"}
{"level":"info","message":"LOGIN m.ansequino@gmail.com log IN","timestamp":"2015-12-10T10:54:21.937Z"}
{"level":"info","message":"LOGIN m.ansequino@gmail.com log IN","timestamp":"2015-12-10T13:16:07.631Z"}
{"level":"info","message":"LOGIN mansequino@gmail.com log IN","timestamp":"2015-12-10T15:33:40.787Z"}
{"level":"info","message":"LOGIN mansequino@gmail.com log IN","timestamp":"2015-12-10T15:33:59.620Z"}
{"level":"info","message":"LOGIN mansequino@gmail.com log IN","timestamp":"2015-12-10T15:44:13.281Z"}
{"level":"info","message":"LOGIN mansequino@gmail.com log IN","timestamp":"2015-12-10T15:49:35.151Z"}
{"level":"info","message":"LOGIN mansequino@gmail.com log IN","timestamp":"2015-12-10T15:51:15.639Z"}
{"level":"info","message":"LOGIN mansequino@gmail.com log IN","timestamp":"2015-12-10T15:51:37.783Z"}
{"level":"info","message":"LOGIN mansequino@gmail.com log IN","timestamp":"2015-12-10T16:05:00.723Z"}
{"level":"info","message":"LOGIN mansequino@gmail.com log IN","timestamp":"2015-12-10T16:06:11.093Z"}
{"level":"info","message":"LOGIN mansequino@gmail.com log IN","timestamp":"2015-12-10T16:06:24.577Z"}
{"level":"info","message":"LOGIN mansequino@gmail.com log IN","timestamp":"2015-12-10T16:07:44.750Z"}
{"level":"info","message":"LOGIN mansequino@gmail.com log IN","timestamp":"2015-12-10T16:08:38.592Z"}
{"level":"info","message":"LOGIN mansequino@gmail.com log IN","timestamp":"2015-12-10T16:11:49.281Z"}
{"level":"info","message":"LOGIN mansequino@gmail.com log IN","timestamp":"2015-12-10T16:14:30.063Z"}
{"level":"info","message":"LOGIN mansequino@gmail.com log IN","timestamp":"2015-12-10T16:16:25.798Z"}
{"level":"info","message":"LOGIN mansequino@gmail.com log IN","timestamp":"2015-12-10T16:19:46.030Z"}
{"level":"info","message":"LOGIN mansequino@gmail.com log IN","timestamp":"2015-12-10T16:22:56.318Z"}
{"level":"info","message":"LOGIN mansequino@gmail.com log IN","timestamp":"2015-12-10T16:25:49.775Z"}
{"level":"info","message":"LOGIN mansequino@gmail.com log IN","timestamp":"2015-12-10T16:45:09.405Z"}
{"level":"info","message":"LOGIN mansequino@gmail.com log IN","timestamp":"2015-12-10T16:45:41.792Z"}
{"level":"info","message":"LOGIN mansequino@gmail.com log IN","timestamp":"2015-12-10T16:47:11.859Z"}
{"level":"info","message":"LOGIN mansequino@gmail.com log IN","timestamp":"2015-12-10T16:48:42.166Z"}
{"level":"info","message":"LOGIN mansequino@gmail.com log IN","timestamp":"2015-12-10T16:50:07.391Z"}
{"level":"info","message":"LOGIN mansequino@gmail.com log IN","timestamp":"2015-12-10T16:50:57.797Z"}
{"level":"info","message":"LOGIN mansequino@gmail.com log IN","timestamp":"2015-12-10T16:53:59.094Z"}
{"level":"info","message":"LOGIN m.ansequino@gmail.com log IN","timestamp":"2015-12-10T16:57:29.849Z"}
{"level":"info","message":"LOGIN mansequino@gmail.com log IN","timestamp":"2015-12-10T16:58:06.949Z"}
{"level":"info","message":"LOGIN mansequino@gmail.com log IN","timestamp":"2015-12-10T17:00:57.715Z"}
{"level":"info","message":"LOGIN mansequino@gmail.com log IN","timestamp":"2015-12-10T17:03:27.788Z"}
{"level":"info","message":"LOGIN mansequino@gmail.com log IN","timestamp":"2015-12-10T17:05:21.214Z"}
{"level":"info","message":"LOGIN mansequino@gmail.com log IN","timestamp":"2015-12-10T17:06:53.762Z"}
{"level":"info","message":"LOGIN m.ansequino@gmail.com log IN","timestamp":"2015-12-10T17:07:33.986Z"}
{"level":"info","message":"LOGIN mansequino@gmail.com log IN","timestamp":"2015-12-10T17:09:10.370Z"}
{"level":"info","message":"LOGIN mansequino@gmail.com log IN","timestamp":"2015-12-10T17:14:29.668Z"}
{"level":"info","message":"LOGIN mansequino@gmail.com log IN","timestamp":"2015-12-10T17:15:59.385Z"}
{"level":"info","message":"LOGIN mansequino@gmail.com log IN","timestamp":"2015-12-10T17:17:50.308Z"}
{"level":"info","message":"LOGIN mansequino@gmail.com log IN","timestamp":"2015-12-10T17:25:01.907Z"}
{"level":"info","message":"LOGIN mansequino@gmail.com log IN","timestamp":"2015-12-10T17:26:55.512Z"}
{"level":"info","message":"LOGIN mansequino@gmail.com log IN","timestamp":"2015-12-10T17:27:44.034Z"}
{"level":"info","message":"LOGIN mansequino@gmail.com log IN","timestamp":"2015-12-10T17:31:13.177Z"}
{"level":"info","message":"LOGIN m.ansequino@gmail.com log IN","timestamp":"2015-12-11T08:46:34.379Z"}
{"level":"error","message":"LOGIN m-ansequino@gmail.com NOT FOUND","timestamp":"2015-12-11T09:18:06.690Z"}
{"level":"info","message":"LOGIN m.ansequino@gmail.com log IN","timestamp":"2015-12-11T09:18:07.977Z"}
{"level":"info","message":"LOGIN m.ansequino@gmail.com log IN","timestamp":"2015-12-11T09:18:57.456Z"}
{"level":"info","message":"LOGIN m.ansequino@gmail.com log IN","timestamp":"2015-12-12T09:48:46.953Z"}
{"level":"info","message":"LOGIN m.ansequino@gmail.com log IN","timestamp":"2015-12-12T15:09:47.158Z"}
{"level":"info","message":"LOGIN m.ansequino@gmail.com log IN","timestamp":"2015-12-12T21:52:21.588Z"}
{"level":"info","message":"LOGIN m.ansequino@gmail.com log IN","timestamp":"2015-12-13T10:07:54.920Z"}
{"level":"info","message":"LOGIN m.ansequino@gmail.com log IN","timestamp":"2015-12-13T12:02:28.294Z"}
{"level":"info","message":"LOGIN m.ansequino@gmail.com log IN","timestamp":"2015-12-13T12:52:37.943Z"}
{"level":"info","message":"LOGIN m.ansequino@gmail.com log IN","timestamp":"2015-12-13T12:55:38.004Z"}
{"level":"info","message":"LOGIN m.ansequino@gmail.com log IN","timestamp":"2015-12-13T14:59:15.806Z"}
{"level":"info","message":"LOGIN m.ansequino@gmail.com log IN","timestamp":"2015-12-13T15:01:44.871Z"}
{"level":"info","message":"LOGIN m.ansequino@gmail.com log IN","timestamp":"2015-12-13T15:10:47.584Z"}
{"level":"info","message":"LOGIN m.ansequino@gmail.com log IN","timestamp":"2015-12-13T16:38:58.983Z"}
{"level":"info","message":"LOGIN m.ansequino@gmail.com log IN","timestamp":"2015-12-13T16:50:27.994Z"}
{"level":"info","message":"LOGIN m.ansequino@gmail.com log IN","timestamp":"2015-12-13T16:51:36.248Z"}
{"level":"info","message":"LOGIN m.ansequino@gmail.com log IN","timestamp":"2015-12-13T16:53:08.382Z"}
{"level":"info","message":"LOGIN m.ansequino@gmail.com log IN","timestamp":"2015-12-13T16:55:03.178Z"}
{"level":"info","message":"LOGIN m.ansequino@gmail.com log IN","timestamp":"2015-12-13T17:26:55.315Z"}
{"level":"info","message":"LOGIN m.ansequino@gmail.com log IN","timestamp":"2015-12-13T17:32:51.206Z"}
{"level":"info","message":"LOGIN m.ansequino@gmail.com log IN","timestamp":"2015-12-13T17:37:33.979Z"}
{"level":"info","message":"LOGIN m.ansequino@gmail.com log IN","timestamp":"2015-12-13T17:40:41.028Z"}
{"level":"info","message":"LOGIN m.ansequino@gmail.com log IN","timestamp":"2015-12-13T17:43:26.775Z"}
{"level":"info","message":"LOGIN m.ansequino@gmail.com log IN","timestamp":"2015-12-13T17:44:42.052Z"}
{"level":"info","message":"LOGIN m.ansequino@gmail.com log IN","timestamp":"2015-12-13T18:24:23.361Z"}
{"level":"info","message":"LOGIN m.ansequino@gmail.com log IN","timestamp":"2015-12-13T18:29:07.903Z"}
{"level":"info","message":"LOGIN m.ansequino@gmail.com log IN","timestamp":"2015-12-13T18:31:58.954Z"}
{"level":"info","message":"LOGIN m.ansequino@gmail.com log IN","timestamp":"2015-12-13T18:37:26.515Z"}
{"level":"info","message":"LOGIN m.ansequino@gmail.com log IN","timestamp":"2015-12-13T18:50:48.088Z"}
{"level":"info","message":"LOGIN m.ansequino@gmail.com log IN","timestamp":"2015-12-13T18:52:06.648Z"}
{"level":"info","message":"LOGIN m.ansequino@gmail.com log IN","timestamp":"2015-12-13T18:54:54.664Z"}
{"level":"info","message":"LOGIN m.ansequino@gmail.com log IN","timestamp":"2015-12-13T18:55:41.935Z"}
{"level":"info","message":"LOGIN m.ansequino@gmail.com log IN","timestamp":"2015-12-13T18:58:40.617Z"}
{"level":"info","message":"LOGIN m.ansequino@gmail.com log IN","timestamp":"2015-12-13T19:07:58.662Z"}
{"level":"info","message":"LOGIN m.ansequino@gmail.com log IN","timestamp":"2015-12-13T19:12:06.349Z"}
{"level":"info","message":"LOGIN mansequino@gmail.com log IN","timestamp":"2015-12-13T19:29:25.437Z"}
{"level":"info","message":"LOGIN m.ansequino@gmail.com log IN","timestamp":"2015-12-13T19:41:37.337Z"}
{"level":"info","message":"LOGIN m.ansequino@gmail.com log IN","timestamp":"2015-12-13T19:45:13.411Z"}
{"level":"info","message":"LOGIN m.ansequino@gmail.com log IN","timestamp":"2015-12-13T19:46:53.517Z"}
{"level":"info","message":"LOGIN m.ansequino@gmail.com log IN","timestamp":"2015-12-13T19:50:47.791Z"}
{"level":"info","message":"LOGIN m.ansequino@gmail.com log IN","timestamp":"2015-12-13T19:51:47.687Z"}
{"level":"info","message":"LOGIN m.ansequino@gmail.com log IN","timestamp":"2015-12-13T19:53:28.631Z"}
{"level":"info","message":"LOGIN m.ansequino@gmail.com log IN","timestamp":"2015-12-14T08:56:33.334Z"}
{"level":"error","message":"LOGIN mansequino@gmail.com INVALID password","timestamp":"2015-12-17T17:34:07.866Z"}
{"level":"info","message":"LOGIN m.ansequino@gmail.com log IN","timestamp":"2015-12-17T17:34:10.020Z"}
{"level":"info","message":"LOGIN mansequino@gmail.com log IN","timestamp":"2015-12-17T17:46:13.581Z"}
{"level":"info","message":"LOGIN mansequino@gmail.com log IN","timestamp":"2015-12-17T17:48:57.013Z"}
{"level":"info","message":"LOGIN m.ansequino@gmail.com log IN","timestamp":"2015-12-19T10:46:24.298Z"}
{"level":"error","message":"LOGIN mansequino@gmail.com INVALID password","timestamp":"2015-12-19T10:49:27.059Z"}
{"level":"info","message":"LOGIN mansequino@gmail.com log IN","timestamp":"2015-12-19T10:49:36.940Z"}
{"level":"info","message":"LOGIN mansequino@gmail.com log IN","timestamp":"2015-12-19T10:49:59.065Z"}
{"level":"info","message":"LOGIN mansequino@gmail.com log IN","timestamp":"2015-12-19T10:53:37.439Z"}
{"level":"info","message":"LOGIN mansequino@gmail.com log IN","timestamp":"2015-12-19T10:55:49.364Z"}
{"level":"info","message":"LOGIN mansequino@gmail.com log IN","timestamp":"2015-12-19T10:59:44.415Z"}
{"level":"info","message":"LOGIN mansequino@gmail.com log IN","timestamp":"2015-12-19T10:59:46.768Z"}
{"level":"info","message":"LOGIN mansequino@gmail.com log IN","timestamp":"2015-12-19T11:04:47.150Z"}
{"level":"info","message":"LOGIN mansequino@gmail.com log IN","timestamp":"2015-12-19T11:14:52.661Z"}
{"level":"info","message":"LOGIN mansequino@gmail.com log IN","timestamp":"2015-12-19T11:15:32.037Z"}
{"level":"info","message":"LOGIN mansequino@gmail.com log IN","timestamp":"2015-12-19T11:16:21.671Z"}
{"level":"info","message":"LOGIN mansequino@gmail.com log IN","timestamp":"2015-12-19T11:17:35.281Z"}
{"level":"info","message":"LOGIN mansequino@gmail.com log IN","timestamp":"2015-12-19T11:20:15.892Z"}
{"level":"info","message":"LOGIN mansequino@gmail.com log IN","timestamp":"2015-12-19T11:22:03.199Z"}
{"level":"info","message":"LOGIN mansequino@gmail.com log IN","timestamp":"2015-12-19T11:22:59.345Z"}
{"level":"info","message":"LOGIN mansequino@gmail.com log IN","timestamp":"2015-12-19T11:24:18.171Z"}
{"level":"info","message":"LOGIN mansequino@gmail.com log IN","timestamp":"2015-12-19T11:33:48.500Z"}
{"level":"info","message":"LOGIN mansequino@gmail.com log IN","timestamp":"2015-12-19T11:39:38.728Z"}
{"level":"info","message":"LOGIN mansequino@gmail.com log IN","timestamp":"2015-12-19T11:42:02.539Z"}
{"level":"info","message":"LOGIN mansequino@gmail.com log IN","timestamp":"2015-12-19T11:42:25.430Z"}
{"level":"info","message":"LOGIN mansequino@gmail.com log IN","timestamp":"2015-12-19T11:42:51.126Z"}
{"level":"info","message":"LOGIN mansequino@gmail.com log IN","timestamp":"2015-12-19T11:43:56.211Z"}
{"level":"info","message":"LOGIN mansequino@gmail.com log IN","timestamp":"2015-12-19T11:47:03.678Z"}
{"level":"info","message":"LOGIN mansequino@gmail.com log IN","timestamp":"2015-12-19T11:47:20.128Z"}
{"level":"info","message":"LOGIN mansequino@gmail.com log IN","timestamp":"2015-12-19T11:49:34.766Z"}
{"level":"info","message":"LOGIN mansequino@gmail.com log IN","timestamp":"2015-12-19T11:50:07.388Z"}
{"level":"info","message":"LOGIN mansequino@gmail.com log IN","timestamp":"2015-12-19T11:55:56.707Z"}
{"level":"info","message":"LOGIN m.ansequino@gmail.com log IN","timestamp":"2015-12-19T12:36:51.886Z"}
{"level":"info","message":"LOGIN m.ansequino@gmail.com log IN","timestamp":"2015-12-19T12:43:03.475Z"}
{"level":"info","message":"LOGIN mansequino@gmail.com log IN","timestamp":"2015-12-19T13:36:17.767Z"}
{"level":"info","message":"LOGIN m.ansequino@gmail.com log IN","timestamp":"2015-12-19T14:17:00.473Z"}
{"level":"info","message":"LOGIN mansequino@gmail.com log IN","timestamp":"2015-12-19T14:31:44.323Z"}
{"level":"info","message":"LOGIN mansequino@gmail.com log IN","timestamp":"2015-12-19T14:34:40.496Z"}
{"level":"info","message":"LOGIN mansequino@gmail.com log IN","timestamp":"2015-12-19T14:47:00.480Z"}
{"level":"info","message":"LOGIN mansequino@gmail.com log IN","timestamp":"2015-12-19T14:49:06.917Z"}
{"level":"info","message":"LOGIN mansequino@gmail.com log IN","timestamp":"2015-12-19T14:51:27.837Z"}
{"level":"info","message":"LOGIN mansequino@gmail.com log IN","timestamp":"2015-12-19T14:52:48.385Z"}
{"level":"info","message":"LOGIN mansequino@gmail.com log IN","timestamp":"2015-12-19T14:53:52.549Z"}
{"level":"info","message":"LOGIN mansequino@gmail.com log IN","timestamp":"2015-12-19T14:55:19.447Z"}
{"level":"info","message":"LOGIN mansequino@gmail.com log IN","timestamp":"2015-12-19T14:59:57.994Z"}
{"level":"info","message":"LOGIN mansequino@gmail.com log IN","timestamp":"2015-12-19T15:20:35.583Z"}
{"level":"info","message":"LOGIN mansequino@gmail.com log IN","timestamp":"2015-12-19T15:23:33.533Z"}
{"level":"info","message":"LOGIN mansequino@gmail.com log IN","timestamp":"2015-12-19T15:25:52.811Z"}
{"level":"info","message":"LOGIN mansequino@gmail.com log IN","timestamp":"2015-12-19T15:28:01.672Z"}
{"level":"info","message":"LOGIN mansequino@gmail.com log IN","timestamp":"2015-12-19T15:29:49.483Z"}
{"level":"info","message":"LOGIN m.ansequino@gmail.com log IN","timestamp":"2015-12-19T15:30:30.276Z"}
{"level":"info","message":"LOGIN mansequino@gmail.com log IN","timestamp":"2015-12-19T15:36:02.137Z"}
{"level":"info","message":"LOGIN m.ansequino@gmail.com log IN","timestamp":"2015-12-19T15:39:43.798Z"}
{"level":"info","message":"LOGIN m.ansequino@gmail.com log IN","timestamp":"2015-12-19T15:40:49.885Z"}
{"level":"info","message":"LOGIN m.ansequino@gmail.com log IN","timestamp":"2015-12-19T15:42:03.624Z"}
{"level":"info","message":"LOGIN m.ansequino@gmail.com log IN","timestamp":"2015-12-19T15:45:31.345Z"}
{"level":"info","message":"LOGIN mansequino@gmail.com log IN","timestamp":"2015-12-19T15:46:13.265Z"}
{"level":"info","message":"LOGIN mansequino@gmail.com log IN","timestamp":"2015-12-19T15:49:56.658Z"}
{"level":"info","message":"LOGIN mansequino@gmail.com log IN","timestamp":"2015-12-19T15:50:37.494Z"}
{"level":"info","message":"LOGIN m.ansequino@gmail.com log IN","timestamp":"2015-12-19T15:50:59.005Z"}
{"level":"info","message":"LOGIN m.ansequino@gmail.com log IN","timestamp":"2015-12-19T16:02:10.686Z"}
{"level":"info","message":"LOGIN mansequino@gmail.com log IN","timestamp":"2015-12-19T16:02:37.497Z"}
{"level":"info","message":"LOGIN m.ansequino@gmail.com log IN","timestamp":"2015-12-19T16:04:17.002Z"}
{"level":"info","message":"LOGIN mansequino@gmail.com log IN","timestamp":"2015-12-19T16:04:37.814Z"}
{"level":"info","message":"LOGIN m.ansequino@gmail.com log IN","timestamp":"2015-12-19T16:07:04.342Z"}
{"level":"info","message":"LOGIN mansequino@gmail.com log IN","timestamp":"2015-12-19T16:07:30.915Z"}
{"level":"info","message":"LOGIN m.ansequino@gmail.com log IN","timestamp":"2015-12-19T16:08:57.048Z"}
{"level":"info","message":"LOGIN mansequino@gmail.com log IN","timestamp":"2015-12-19T16:09:21.419Z"}
{"level":"info","message":"LOGIN m.ansequino@gmail.com log IN","timestamp":"2015-12-19T16:10:43.126Z"}
{"level":"info","message":"LOGIN mansequino@gmail.com log IN","timestamp":"2015-12-19T16:10:59.463Z"}
{"level":"info","message":"LOGIN m.ansequino@gmail.com log IN","timestamp":"2015-12-19T16:12:21.993Z"}
{"level":"info","message":"LOGIN mansequino@gmail.com log IN","timestamp":"2015-12-19T16:12:42.883Z"}
{"level":"error","message":"LOGIN mansequino@gmail.com INVALID password","timestamp":"2015-12-19T16:13:26.343Z"}
{"level":"error","message":"LOGIN mansequino@gmail.com INVALID password","timestamp":"2015-12-19T16:13:29.007Z"}
{"level":"error","message":"LOGIN mansequino@gmail.com INVALID password","timestamp":"2015-12-19T16:13:50.713Z"}
{"level":"error","message":"LOGIN mansequino@gmail.com INVALID password","timestamp":"2015-12-19T16:14:22.910Z"}
{"level":"info","message":"LOGIN m.ansequino@gmail.com log IN","timestamp":"2015-12-19T16:14:49.251Z"}
{"level":"info","message":"LOGIN mansequino@gmail.com log IN","timestamp":"2015-12-19T16:15:10.515Z"}
{"level":"info","message":"LOGIN m.ansequino@gmail.com log IN","timestamp":"2015-12-19T16:17:25.472Z"}
{"level":"error","message":"LOGIN mansequino@gmail.com INVALID password","timestamp":"2015-12-19T16:17:51.703Z"}
{"level":"error","message":"LOGIN mansequino@gmail.com INVALID password","timestamp":"2015-12-19T16:17:55.361Z"}
{"level":"info","message":"LOGIN mansequino@gmail.com log IN","timestamp":"2015-12-19T16:18:35.167Z"}
{"level":"info","message":"LOGIN mansequino@gmail.com log IN","timestamp":"2015-12-19T16:18:58.052Z"}
{"level":"info","message":"LOGIN m.ansequino@gmail.com log IN","timestamp":"2015-12-19T16:21:07.701Z"}
{"level":"info","message":"LOGIN mansequino@gmail.com log IN","timestamp":"2015-12-19T16:21:50.639Z"}
{"level":"info","message":"LOGIN mansequino@gmail.com log IN","timestamp":"2015-12-19T16:22:26.375Z"}
{"level":"info","message":"LOGIN mansequino@gmail.com log IN","timestamp":"2015-12-19T16:23:09.248Z"}
{"level":"info","message":"LOGIN mansequino@gmail.com log IN","timestamp":"2015-12-19T16:25:46.818Z"}
{"level":"info","message":"LOGIN mansequino@gmail.com log IN","timestamp":"2015-12-19T16:27:08.285Z"}
{"level":"info","message":"LOGIN mansequino@gmail.com log IN","timestamp":"2015-12-19T16:28:08.683Z"}
{"level":"info","message":"LOGIN mansequino@gmail.com log IN","timestamp":"2015-12-19T16:29:09.933Z"}
{"level":"info","message":"LOGIN mansequino@gmail.com log IN","timestamp":"2015-12-19T16:30:52.539Z"}
{"level":"info","message":"LOGIN mansequino@gmail.com log IN","timestamp":"2015-12-19T16:31:03.115Z"}
{"level":"info","message":"LOGIN mansequino@gmail.com log IN","timestamp":"2015-12-19T16:36:22.364Z"}
{"level":"info","message":"LOGIN mansequino@gmail.com log IN","timestamp":"2015-12-19T16:36:49.307Z"}
{"level":"info","message":"LOGIN mansequino@gmail.com log IN","timestamp":"2015-12-19T16:37:26.776Z"}
{"level":"info","message":"LOGIN m.ansequino@gmail.com log IN","timestamp":"2015-12-19T16:53:06.692Z"}
{"level":"info","message":"LOGIN m.ansequino@gmail.com log IN","timestamp":"2015-12-19T17:46:45.249Z"}
{"level":"info","message":"LOGIN m.ansequino@gmail.com log IN","timestamp":"2015-12-19T17:52:58.474Z"}
{"level":"info","message":"LOGIN m.ansequino@gmail.com log IN","timestamp":"2015-12-19T17:53:18.437Z"}
{"level":"info","message":"LOGIN m.ansequino@gmail.com log IN","timestamp":"2015-12-19T17:53:58.614Z"}
{"level":"info","message":"LOGIN m.ansequino@gmail.com log IN","timestamp":"2015-12-19T17:55:11.734Z"}
{"level":"info","message":"LOGIN m.ansequino@gmail.com log IN","timestamp":"2015-12-19T17:55:29.323Z"}
{"level":"info","message":"LOGIN m.ansequino@gmail.com log IN","timestamp":"2015-12-19T17:56:29.275Z"}
{"level":"info","message":"LOGIN m.ansequino@gmail.com log IN","timestamp":"2015-12-19T17:56:55.471Z"}
{"level":"info","message":"LOGIN m.ansequino@gmail.com log IN","timestamp":"2015-12-19T17:58:28.388Z"}
{"level":"info","message":"LOGIN m.ansequino@gmail.com log IN","timestamp":"2015-12-19T17:59:33.095Z"}
{"level":"info","message":"LOGIN mansequino@gmail.com log IN","timestamp":"2015-12-19T18:30:56.196Z"}
{"level":"info","message":"LOGIN m.ansequino@gmail.com log IN","timestamp":"2015-12-19T18:31:14.559Z"}
{"level":"info","message":"LOGIN mansequino@gmail.com log IN","timestamp":"2015-12-19T18:46:12.162Z"}
{"level":"info","message":"LOGIN mansequino@gmail.com log IN","timestamp":"2015-12-19T18:50:53.759Z"}
{"level":"info","message":"LOGIN mansequino@gmail.com log IN","timestamp":"2015-12-19T18:52:40.618Z"}
{"level":"info","message":"LOGIN mansequino@gmail.com log IN","timestamp":"2015-12-19T18:52:45.517Z"}
{"level":"info","message":"LOGIN m.ansequino@gmail.com log IN","timestamp":"2015-12-21T14:55:58.602Z"}
{"level":"info","message":"LOGIN man.sequino@gmail.com log IN","timestamp":"2015-12-21T14:56:23.379Z"}
{"level":"info","message":"LOGIN mansequino@gmail.com log IN","timestamp":"2015-12-21T16:05:35.252Z"}
{"level":"info","message":"LOGIN man.sequino@gmail.com log IN","timestamp":"2015-12-21T16:05:54.932Z"}
{"level":"info","message":"LOGIN man.sequino@gmail.com log IN","timestamp":"2015-12-21T16:06:53.461Z"}
{"level":"info","message":"LOGIN man.sequino@gmail.com log IN","timestamp":"2015-12-21T16:08:32.895Z"}
{"level":"info","message":"LOGIN man.sequino@gmail.com log IN","timestamp":"2015-12-21T16:09:47.716Z"}
{"level":"info","message":"LOGIN man.sequino@gmail.com log IN","timestamp":"2015-12-21T16:10:21.690Z"}
{"level":"info","message":"LOGIN man.sequino@gmail.com log IN","timestamp":"2015-12-21T16:18:27.292Z"}
{"level":"info","message":"LOGIN man.sequino@gmail.com log IN","timestamp":"2015-12-21T16:19:46.626Z"}
{"level":"info","message":"LOGIN man.sequino@gmail.com log IN","timestamp":"2015-12-21T16:22:06.214Z"}
{"level":"info","message":"LOGIN man.sequino@gmail.com log IN","timestamp":"2015-12-21T16:25:29.607Z"}
{"level":"error","message":"LOGIN mansequino@gmail.com INVALID password","timestamp":"2016-01-13T14:34:55.142Z"}
{"level":"error","message":"LOGIN mansequino@gmail.com INVALID password","timestamp":"2016-01-13T14:34:57.232Z"}
{"level":"info","message":"LOGIN mansequino@gmail.com log IN","timestamp":"2016-01-13T14:35:01.564Z"}
{"level":"error","message":"LOGIN mansequin.o@gmail.com INVALID password","timestamp":"2016-01-13T14:35:26.389Z"}
{"level":"error","message":"LOGIN mansequin.o@gmail.com INVALID password","timestamp":"2016-01-13T14:35:31.214Z"}
{"level":"error","message":"LOGIN mansequin.o@gmail.com INVALID password","timestamp":"2016-01-13T14:35:33.029Z"}
{"level":"error","message":"LOGIN man.sequino@gmail.com INVALID password","timestamp":"2016-01-13T14:35:36.384Z"}
{"level":"info","message":"LOGIN man.sequino@gmail.com log IN","timestamp":"2016-01-13T14:35:38.078Z"}
{"level":"error","message":"LOGIN mansequin.o@gmail.com INVALID password","timestamp":"2016-01-13T15:35:36.919Z"}
{"level":"error","message":"LOGIN mansequin.o@gmail.com INVALID password","timestamp":"2016-01-13T15:35:40.481Z"}
{"level":"error","message":"LOGIN mansequin.o@gmail.com INVALID password","timestamp":"2016-01-13T15:35:42.343Z"}
{"level":"error","message":"LOGIN mansequin.o@gmail.com INVALID password","timestamp":"2016-01-13T15:35:45.108Z"}
{"level":"error","message":"LOGIN mansequin.o@gmail.com INVALID password","timestamp":"2016-01-13T15:35:47.279Z"}
{"level":"info","message":"LOGIN mansequino@gmail.com log IN","timestamp":"2016-01-13T15:35:56.065Z"}
{"level":"info","message":"LOGIN man.sequino@gmail.com log IN","timestamp":"2016-01-13T15:36:03.326Z"}
{"level":"info","message":"LOGIN mansequino@gmail.com log IN","timestamp":"2016-01-14T22:22:09.305Z"}
{"level":"info","message":"LOGIN mansequino@gmail.com log IN","timestamp":"2016-01-14T22:25:49.725Z"}
{"level":"info","message":"LOGIN mansequino@gmail.com log IN","timestamp":"2016-01-14T22:27:07.478Z"}
{"level":"info","message":"LOGIN mansequino@gmail.com log IN","timestamp":"2016-01-14T22:27:57.052Z"}
{"level":"info","message":"LOGIN mansequino@gmail.com log IN","timestamp":"2016-01-14T22:28:18.441Z"}
{"level":"info","message":"LOGIN mansequino@gmail.com log IN","timestamp":"2016-01-14T22:28:46.412Z"}
{"level":"info","message":"LOGIN mansequino@gmail.com log IN","timestamp":"2016-01-14T22:29:35.163Z"}
{"level":"info","message":"LOGIN mansequino@gmail.com log IN","timestamp":"2016-01-14T22:30:29.842Z"}
{"level":"info","message":"LOGIN mansequino@gmail.com log IN","timestamp":"2016-01-14T22:31:05.754Z"}
{"level":"info","message":"LOGIN mansequino@gmail.com log IN","timestamp":"2016-01-14T22:31:30.460Z"}
{"level":"info","message":"LOGIN mansequino@gmail.com log IN","timestamp":"2016-01-14T22:31:36.703Z"}
{"level":"info","message":"LOGIN mansequino@gmail.com log IN","timestamp":"2016-01-14T22:44:55.905Z"}
{"level":"info","message":"LOGIN mansequino@gmail.com log IN","timestamp":"2016-01-14T22:46:05.339Z"}
{"level":"info","message":"LOGIN mansequino@gmail.com log IN","timestamp":"2016-01-14T22:48:27.265Z"}
{"level":"info","message":"LOGIN mansequino@gmail.com log IN","timestamp":"2016-01-14T22:49:02.487Z"}
{"level":"info","message":"LOGIN mansequino@gmail.com log IN","timestamp":"2016-01-14T22:49:07.483Z"}
{"level":"info","message":"LOGIN mansequino@gmail.com log IN","timestamp":"2016-01-14T22:50:10.783Z"}
{"level":"info","message":"LOGIN mansequino@gmail.com log IN","timestamp":"2016-01-14T23:07:40.673Z"}
{"level":"info","message":"LOGIN mansequino@gmail.com log IN","timestamp":"2016-01-14T23:13:06.888Z"}
{"level":"info","message":"LOGIN mansequino@gmail.com log IN","timestamp":"2016-01-14T23:22:37.276Z"}
{"level":"info","message":"LOGIN man.sequino@gmail.com log IN","timestamp":"2016-01-14T23:27:14.891Z"}
{"level":"info","message":"LOGIN m.ansequino@gmail.com log IN","timestamp":"2016-01-14T23:27:31.079Z"}
{"level":"info","message":"LOGIN man.sequino@gmail.com log IN","timestamp":"2016-01-14T23:27:57.709Z"}
{"level":"info","message":"LOGIN m.ansequino@gmail.com log IN","timestamp":"2016-01-14T23:31:55.553Z"}
