{"level":"error","message":"LOGIN pippo@gmail.com NOT FOUND","timestamp":"2015-11-23T11:02:56.575Z"}
{"level":"error","message":"LOGIN pippo@gmail.com NOT FOUND","timestamp":"2015-11-23T11:03:01.095Z"}
{"level":"error","message":"LOGIN mansequin@gmail.com NOT FOUND","timestamp":"2015-11-23T11:03:19.905Z"}
{"level":"error","message":"LOGIN pippo@gmail.com NOT FOUND","timestamp":"2015-11-23T11:08:20.669Z"}
{"level":"error","message":"LOGIN pippo@gmail.com NOT FOUND","timestamp":"2015-11-23T11:09:18.421Z"}
{"level":"error","message":"LOGIN msequino@gmail.com NOT FOUND","timestamp":"2015-11-23T11:09:24.476Z"}
{"level":"error","message":"LOGIN pippo@gmail.com NOT FOUND","timestamp":"2015-11-23T11:43:19.836Z"}
{"level":"error","message":"LOGIN pippo@gmail.com NOT FOUND","timestamp":"2015-11-23T11:59:27.001Z"}
{"level":"error","message":"LOGIN mansequino@gmail.com INVALID password","timestamp":"2015-11-23T22:03:38.240Z"}
{"level":"error","message":"LOGIN mansequino@gmail.com INVALID password","timestamp":"2015-11-24T10:34:55.394Z"}
{"level":"error","message":"LOGIN mansequino@gmail.com INVALID password","timestamp":"2015-11-24T10:35:35.390Z"}
{"level":"error","message":"LOGIN mansequino@gmail.com INVALID password","timestamp":"2015-11-24T10:39:16.250Z"}
{"level":"error","message":"LOGIN mansequino@gmail.com INVALID password","timestamp":"2015-11-24T11:14:52.250Z"}
{"level":"error","message":"LOGIN mansequino@gmail.com INVALID password","timestamp":"2015-11-24T11:15:16.430Z"}
{"level":"error","message":"LOGIN mansequino@gmail.com INVALID password","timestamp":"2015-11-24T11:16:27.789Z"}
{"level":"error","message":"LOGIN mansequino@gmail.com INVALID password","timestamp":"2015-11-24T11:21:31.762Z"}
{"level":"error","message":"LOGIN mansequino@gmail.com INVALID password","timestamp":"2015-11-24T11:26:55.130Z"}
{"level":"error","message":"LOGIN mansequino@gmail.com INVALID password","timestamp":"2015-11-24T11:27:21.207Z"}
{"level":"error","message":"LOGIN mansequino@gmail.com INVALID password","timestamp":"2015-11-24T11:28:30.377Z"}
{"level":"error","message":"LOGIN mansequino@gmail.com INVALID password","timestamp":"2015-11-24T11:29:50.302Z"}
{"level":"error","message":"LOGIN mansequino@gmail.com INVALID password","timestamp":"2015-11-24T11:33:11.245Z"}
{"level":"error","message":"LOGIN mansequino@gmail.com INVALID password","timestamp":"2015-11-24T11:44:40.185Z"}
{"level":"error","message":"LOGIN mansequino@gmail.com INVALID password","timestamp":"2015-11-24T12:41:21.318Z"}
{"level":"error","message":"LOGIN mansequino@gmail.com1 NOT FOUND","timestamp":"2015-11-24T12:41:28.298Z"}
{"level":"error","message":"LOGIN mansequino@gmail.com INVALID password","timestamp":"2015-12-01T16:42:36.355Z"}
{"level":"error","message":"LOGIN mansequino@gmail.com INVALID password","timestamp":"2015-12-01T16:42:38.257Z"}
{"level":"error","message":"LOGIN man.sequino@gmail.com NOT FOUND","timestamp":"2015-12-06T16:01:34.211Z"}
{"level":"error","message":"LOGIN m-ansequino@gmail.com NOT FOUND","timestamp":"2015-12-07T18:48:45.381Z"}
{"level":"error","message":"LOGIN mansequino@gmail.com INVALID password","timestamp":"2015-12-07T19:35:01.247Z"}
{"level":"error","message":"LOGIN mansequino@gmail.com NOT FOUND","timestamp":"2015-12-07T19:39:27.742Z"}
{"level":"error","message":"LOGIN mansequino@gmail.com NOT FOUND","timestamp":"2015-12-07T19:41:41.069Z"}
{"level":"error","message":"LOGIN mansequino@gmail.com NOT FOUND","timestamp":"2015-12-07T19:41:47.693Z"}
{"level":"error","message":"LOGIN mansequino@gmail.com NOT FOUND","timestamp":"2015-12-07T19:42:52.344Z"}
{"level":"error","message":"LOGIN mansequino@gmail.com NOT FOUND","timestamp":"2015-12-07T19:47:13.697Z"}
{"level":"error","message":"LOGIN mansequino@gmail.com INVALID password","timestamp":"2015-12-07T19:49:26.890Z"}
{"level":"error","message":"LOGIN mansequino@gmail.com INVALID password","timestamp":"2015-12-07T19:49:33.035Z"}
{"level":"error","message":"LOGIN mansequino@gmail.com INVALID password","timestamp":"2015-12-07T19:57:14.272Z"}
{"level":"error","message":"LOGIN mansequino@gmail.com INVALID password","timestamp":"2015-12-07T20:00:36.532Z"}
{"level":"error","message":"LOGIN mansequino@gmail.com INVALID password","timestamp":"2015-12-07T20:01:28.904Z"}
{"level":"error","message":"LOGIN mansequino@gmail.com INVALID password","timestamp":"2015-12-07T20:01:30.193Z"}
{"level":"error","message":"LOGIN mansequino@gmail.com INVALID password","timestamp":"2015-12-07T20:12:52.038Z"}
{"level":"error","message":"LOGIN mansequino@gmail.com INVALID password","timestamp":"2015-12-07T20:13:21.653Z"}
{"level":"error","message":"LOGIN mansequino@gmail.com INVALID password","timestamp":"2015-12-10T08:36:11.423Z"}
{"level":"error","message":"LOGIN mansequino@gmail.com INVALID password","timestamp":"2015-12-10T10:36:21.487Z"}
{"level":"error","message":"LOGIN m-ansequino@gmail.com NOT FOUND","timestamp":"2015-12-11T09:18:06.689Z"}
{"level":"error","message":"LOGIN mansequino@gmail.com INVALID password","timestamp":"2015-12-17T17:34:07.865Z"}
{"level":"error","message":"LOGIN mansequino@gmail.com INVALID password","timestamp":"2015-12-19T10:49:27.059Z"}
{"level":"error","message":"LOGIN mansequino@gmail.com INVALID password","timestamp":"2015-12-19T16:13:26.342Z"}
{"level":"error","message":"LOGIN mansequino@gmail.com INVALID password","timestamp":"2015-12-19T16:13:29.007Z"}
{"level":"error","message":"LOGIN mansequino@gmail.com INVALID password","timestamp":"2015-12-19T16:13:50.713Z"}
{"level":"error","message":"LOGIN mansequino@gmail.com INVALID password","timestamp":"2015-12-19T16:14:22.910Z"}
{"level":"error","message":"LOGIN mansequino@gmail.com INVALID password","timestamp":"2015-12-19T16:17:51.703Z"}
{"level":"error","message":"LOGIN mansequino@gmail.com INVALID password","timestamp":"2015-12-19T16:17:55.361Z"}
{"level":"error","message":"LOGIN mansequino@gmail.com INVALID password","timestamp":"2016-01-13T14:34:55.142Z"}
{"level":"error","message":"LOGIN mansequino@gmail.com INVALID password","timestamp":"2016-01-13T14:34:57.232Z"}
{"level":"error","message":"LOGIN mansequin.o@gmail.com INVALID password","timestamp":"2016-01-13T14:35:26.389Z"}
{"level":"error","message":"LOGIN mansequin.o@gmail.com INVALID password","timestamp":"2016-01-13T14:35:31.214Z"}
{"level":"error","message":"LOGIN mansequin.o@gmail.com INVALID password","timestamp":"2016-01-13T14:35:33.029Z"}
{"level":"error","message":"LOGIN man.sequino@gmail.com INVALID password","timestamp":"2016-01-13T14:35:36.384Z"}
{"level":"error","message":"LOGIN mansequin.o@gmail.com INVALID password","timestamp":"2016-01-13T15:35:36.919Z"}
{"level":"error","message":"LOGIN mansequin.o@gmail.com INVALID password","timestamp":"2016-01-13T15:35:40.481Z"}
{"level":"error","message":"LOGIN mansequin.o@gmail.com INVALID password","timestamp":"2016-01-13T15:35:42.343Z"}
{"level":"error","message":"LOGIN mansequin.o@gmail.com INVALID password","timestamp":"2016-01-13T15:35:45.108Z"}
{"level":"error","message":"LOGIN mansequin.o@gmail.com INVALID password","timestamp":"2016-01-13T15:35:47.279Z"}
