{"level":"error","message":"LOGIN pippo@gmail.com NOT FOUND","timestamp":"2015-11-23T11:02:56.574Z"}
{"level":"error","message":"LOGIN pippo@gmail.com NOT FOUND","timestamp":"2015-11-23T11:03:01.094Z"}
{"level":"error","message":"LOGIN mansequin@gmail.com NOT FOUND","timestamp":"2015-11-23T11:03:19.905Z"}
{"level":"error","message":"LOGIN pippo@gmail.com NOT FOUND","timestamp":"2015-11-23T11:08:20.668Z"}
{"level":"error","message":"LOGIN pippo@gmail.com NOT FOUND","timestamp":"2015-11-23T11:09:18.420Z"}
{"level":"error","message":"LOGIN msequino@gmail.com NOT FOUND","timestamp":"2015-11-23T11:09:24.476Z"}
{"level":"error","message":"LOGIN pippo@gmail.com NOT FOUND","timestamp":"2015-11-23T11:43:19.835Z"}
{"level":"info","message":"LOGIN mansequino@gmail.com log IN","timestamp":"2015-11-23T11:45:42.899Z"}
{"level":"info","message":"LOGIN mansequino@gmail.com log IN","timestamp":"2015-11-23T11:46:30.064Z"}
{"level":"info","message":"LOGIN mansequino@gmail.com log IN","timestamp":"2015-11-23T11:46:44.777Z"}
{"level":"info","message":"LOGIN mansequino@gmail.com log IN","timestamp":"2015-11-23T11:48:21.695Z"}
{"level":"error","message":"LOGIN pippo@gmail.com NOT FOUND","timestamp":"2015-11-23T11:59:26.998Z"}
{"level":"info","message":"LOGIN mansequino@gmail.com log IN","timestamp":"2015-11-23T11:59:33.558Z"}
{"level":"info","message":"LOGIN mansequino@gmail.com log IN","timestamp":"2015-11-23T21:28:37.101Z"}
{"level":"error","message":"LOGIN mansequino@gmail.com INVALID password","timestamp":"2015-11-23T22:03:38.240Z"}
{"level":"info","message":"LOGIN mansequino@gmail.com log IN","timestamp":"2015-11-23T22:04:51.456Z"}
{"level":"info","message":"LOGIN mansequino@gmail.com log IN","timestamp":"2015-11-23T22:06:38.295Z"}
{"level":"info","message":"LOGIN mansequino@gmail.com log IN","timestamp":"2015-11-23T22:17:57.293Z"}
{"level":"info","message":"LOGIN mansequino@gmail.com log IN","timestamp":"2015-11-24T10:31:57.540Z"}
{"level":"info","message":"LOGIN mansequino@gmail.com log IN","timestamp":"2015-11-24T10:32:15.964Z"}
{"level":"info","message":"LOGIN mansequino@gmail.com log IN","timestamp":"2015-11-24T10:32:52.467Z"}
{"level":"info","message":"LOGIN mansequino@gmail.com log IN","timestamp":"2015-11-24T10:33:28.594Z"}
{"level":"info","message":"LOGIN mansequino@gmail.com log IN","timestamp":"2015-11-24T10:33:56.545Z"}
{"level":"info","message":"LOGIN mansequino@gmail.com log IN","timestamp":"2015-11-24T10:34:13.393Z"}
{"level":"info","message":"LOGIN mansequino@gmail.com log IN","timestamp":"2015-11-24T10:34:34.364Z"}
{"level":"error","message":"LOGIN mansequino@gmail.com INVALID password","timestamp":"2015-11-24T10:34:55.394Z"}
{"level":"error","message":"LOGIN mansequino@gmail.com INVALID password","timestamp":"2015-11-24T10:35:35.389Z"}
{"level":"error","message":"LOGIN mansequino@gmail.com INVALID password","timestamp":"2015-11-24T10:39:16.249Z"}
{"level":"info","message":"LOGIN mansequino@gmail.com log IN","timestamp":"2015-11-24T11:01:06.586Z"}
{"level":"info","message":"LOGIN mansequino@gmail.com log IN","timestamp":"2015-11-24T11:02:45.590Z"}
{"level":"info","message":"LOGIN mansequino@gmail.com log IN","timestamp":"2015-11-24T11:08:21.895Z"}
{"level":"info","message":"LOGIN mansequino@gmail.com log IN","timestamp":"2015-11-24T11:09:21.001Z"}
{"level":"info","message":"LOGIN mansequino@gmail.com log IN","timestamp":"2015-11-24T11:09:49.569Z"}
{"level":"info","message":"LOGIN mansequino@gmail.com log IN","timestamp":"2015-11-24T11:10:49.354Z"}
{"level":"info","message":"LOGIN mansequino@gmail.com log IN","timestamp":"2015-11-24T11:13:44.990Z"}
{"level":"error","message":"LOGIN mansequino@gmail.com INVALID password","timestamp":"2015-11-24T11:14:52.250Z"}
{"level":"error","message":"LOGIN mansequino@gmail.com INVALID password","timestamp":"2015-11-24T11:15:16.428Z"}
{"level":"error","message":"LOGIN mansequino@gmail.com INVALID password","timestamp":"2015-11-24T11:16:27.788Z"}
{"level":"error","message":"LOGIN mansequino@gmail.com INVALID password","timestamp":"2015-11-24T11:21:31.761Z"}
{"level":"info","message":"LOGIN mansequino@gmail.com log IN","timestamp":"2015-11-24T11:21:40.812Z"}
{"level":"info","message":"LOGIN mansequino@gmail.com log IN","timestamp":"2015-11-24T11:22:30.230Z"}
{"level":"info","message":"LOGIN mansequino@gmail.com log IN","timestamp":"2015-11-24T11:26:49.874Z"}
{"level":"error","message":"LOGIN mansequino@gmail.com INVALID password","timestamp":"2015-11-24T11:26:55.130Z"}
{"level":"error","message":"LOGIN mansequino@gmail.com INVALID password","timestamp":"2015-11-24T11:27:21.205Z"}
{"level":"error","message":"LOGIN mansequino@gmail.com INVALID password","timestamp":"2015-11-24T11:28:30.375Z"}
{"level":"error","message":"LOGIN mansequino@gmail.com INVALID password","timestamp":"2015-11-24T11:29:50.300Z"}
{"level":"info","message":"LOGIN mansequino@gmail.com log IN","timestamp":"2015-11-24T11:29:55.680Z"}
{"level":"info","message":"LOGIN mansequino@gmail.com log IN","timestamp":"2015-11-24T11:30:58.653Z"}
{"level":"info","message":"LOGIN mansequino@gmail.com log IN","timestamp":"2015-11-24T11:32:09.943Z"}
{"level":"error","message":"LOGIN mansequino@gmail.com INVALID password","timestamp":"2015-11-24T11:33:11.244Z"}
{"level":"info","message":"LOGIN mansequino@gmail.com log IN","timestamp":"2015-11-24T11:41:48.837Z"}
{"level":"error","message":"LOGIN mansequino@gmail.com INVALID password","timestamp":"2015-11-24T11:44:40.184Z"}
{"level":"info","message":"LOGIN mansequino@gmail.com log IN","timestamp":"2015-11-24T11:44:46.529Z"}
{"level":"info","message":"LOGIN mansequino@gmail.com log IN","timestamp":"2015-11-24T11:48:48.372Z"}
{"level":"info","message":"LOGIN mansequino@gmail.com log IN","timestamp":"2015-11-24T11:49:23.715Z"}
{"level":"error","message":"LOGIN mansequino@gmail.com INVALID password","timestamp":"2015-11-24T12:41:21.318Z"}
{"level":"error","message":"LOGIN mansequino@gmail.com1 NOT FOUND","timestamp":"2015-11-24T12:41:28.298Z"}
{"level":"info","message":"LOGIN mansequino@gmail.com log IN","timestamp":"2015-11-24T12:41:34.282Z"}
{"level":"info","message":"LOGIN mansequino@gmail.com log IN","timestamp":"2015-11-24T12:47:50.995Z"}
{"level":"info","message":"LOGIN mansequino@gmail.com log IN","timestamp":"2015-11-24T12:57:46.363Z"}
{"level":"info","message":"LOGIN mansequino@gmail.com log IN","timestamp":"2015-11-24T13:05:55.747Z"}
{"level":"info","message":"LOGIN mansequino@gmail.com log IN","timestamp":"2015-11-24T13:20:10.114Z"}
{"level":"info","message":"LOGIN mansequino@gmail.com log IN","timestamp":"2015-11-24T13:22:35.300Z"}
{"level":"info","message":"LOGIN mansequino@gmail.com log IN","timestamp":"2015-11-24T13:30:15.402Z"}
{"level":"info","message":"LOGIN mansequino@gmail.com log IN","timestamp":"2015-11-24T13:32:05.630Z"}
{"level":"info","message":"LOGIN mansequino@gmail.com log IN","timestamp":"2015-11-24T13:33:05.923Z"}
{"level":"info","message":"LOGIN mansequino@gmail.com log IN","timestamp":"2015-11-24T13:45:15.827Z"}
{"level":"info","message":"LOGIN mansequino@gmail.com log IN","timestamp":"2015-11-24T13:59:09.962Z"}
{"level":"info","message":"LOGIN mansequino@gmail.com log IN","timestamp":"2015-11-24T13:59:25.074Z"}
{"level":"info","message":"LOGIN mansequino@gmail.com log IN","timestamp":"2015-11-24T14:04:17.040Z"}
{"level":"info","message":"LOGIN mansequino@gmail.com log IN","timestamp":"2015-11-24T14:10:34.167Z"}
{"level":"info","message":"LOGIN mansequino@gmail.com log IN","timestamp":"2015-11-24T14:10:39.813Z"}
{"level":"info","message":"LOGIN mansequino@gmail.com log IN","timestamp":"2015-11-24T14:18:55.955Z"}
{"level":"info","message":"LOGIN mansequino@gmail.com log IN","timestamp":"2015-11-24T14:19:32.474Z"}
{"level":"info","message":"LOGIN mansequino@gmail.com log IN","timestamp":"2015-11-24T14:20:03.885Z"}
{"level":"info","message":"LOGIN mansequino@gmail.com log IN","timestamp":"2015-11-24T14:20:08.401Z"}
{"level":"info","message":"LOGIN mansequino@gmail.com log IN","timestamp":"2015-11-24T14:20:13.647Z"}
{"level":"info","message":"LOGIN mansequino@gmail.com log IN","timestamp":"2015-11-25T21:01:22.098Z"}
{"level":"info","message":"LOGIN mansequino@gmail.com log IN","timestamp":"2015-11-25T21:02:17.137Z"}
{"level":"info","message":"LOGIN mansequino@gmail.com log IN","timestamp":"2015-11-25T21:02:38.682Z"}
{"level":"info","message":"LOGIN mansequino@gmail.com log IN","timestamp":"2015-11-25T21:03:04.544Z"}
{"level":"info","message":"LOGIN mansequino@gmail.com log IN","timestamp":"2015-11-25T21:04:34.808Z"}
{"level":"info","message":"LOGIN mansequino@gmail.com log IN","timestamp":"2015-11-25T21:06:36.968Z"}
{"level":"info","message":"LOGIN mansequino@gmail.com log IN","timestamp":"2015-11-25T21:18:09.715Z"}
{"level":"info","message":"LOGIN mansequino@gmail.com log IN","timestamp":"2015-11-25T21:18:38.631Z"}
{"level":"info","message":"LOGIN mansequino@gmail.com log IN","timestamp":"2015-11-25T21:19:04.672Z"}
{"level":"info","message":"LOGIN mansequino@gmail.com log IN","timestamp":"2015-11-25T21:25:23.755Z"}
{"level":"info","message":"LOGIN mansequino@gmail.com log IN","timestamp":"2015-11-25T21:26:40.911Z"}
{"level":"info","message":"LOGIN mansequino@gmail.com log IN","timestamp":"2015-11-25T21:29:00.521Z"}
{"level":"info","message":"LOGIN mansequino@gmail.com log IN","timestamp":"2015-11-25T21:56:04.718Z"}
{"level":"info","message":"LOGIN mansequino@gmail.com log IN","timestamp":"2015-11-25T22:16:17.258Z"}
{"level":"info","message":"LOGIN mansequino@gmail.com log IN","timestamp":"2015-11-25T22:27:00.032Z"}
{"level":"info","message":"LOGIN mansequino@gmail.com log IN","timestamp":"2015-11-25T22:35:38.301Z"}
{"level":"info","message":"LOGIN mansequino@gmail.com log IN","timestamp":"2015-11-25T22:37:08.453Z"}
{"level":"info","message":"LOGIN mansequino@gmail.com log IN","timestamp":"2015-11-25T22:41:06.622Z"}
{"level":"info","message":"LOGIN mansequino@gmail.com log IN","timestamp":"2015-11-25T22:42:34.744Z"}
{"level":"info","message":"LOGIN mansequino@gmail.com log IN","timestamp":"2015-11-25T22:43:22.410Z"}
{"level":"info","message":"LOGIN mansequino@gmail.com log IN","timestamp":"2015-12-01T15:50:38.859Z"}
{"level":"info","message":"LOGIN mansequino@gmail.com log IN","timestamp":"2015-12-01T15:59:06.569Z"}
{"level":"info","message":"LOGIN mansequino@gmail.com log IN","timestamp":"2015-12-01T16:01:10.684Z"}
{"level":"info","message":"LOGIN mansequino@gmail.com log IN","timestamp":"2015-12-01T16:02:51.884Z"}
{"level":"info","message":"LOGIN mansequino@gmail.com log IN","timestamp":"2015-12-01T16:04:13.003Z"}
{"level":"info","message":"LOGIN mansequino@gmail.com log IN","timestamp":"2015-12-01T16:06:51.451Z"}
{"level":"info","message":"LOGIN mansequino@gmail.com log IN","timestamp":"2015-12-01T16:12:33.098Z"}
{"level":"info","message":"LOGIN mansequino@gmail.com log IN","timestamp":"2015-12-01T16:13:27.580Z"}
{"level":"info","message":"LOGIN mansequino@gmail.com log IN","timestamp":"2015-12-01T16:14:40.169Z"}
{"level":"info","message":"LOGIN mansequino@gmail.com log IN","timestamp":"2015-12-01T16:21:05.933Z"}
{"level":"info","message":"LOGIN mansequino@gmail.com log IN","timestamp":"2015-12-01T16:27:41.248Z"}
{"level":"info","message":"LOGIN mansequino@gmail.com log IN","timestamp":"2015-12-01T16:28:52.297Z"}
{"level":"info","message":"LOGIN mansequino@gmail.com log IN","timestamp":"2015-12-01T16:29:37.337Z"}
{"level":"info","message":"LOGIN mansequino@gmail.com log IN","timestamp":"2015-12-01T16:31:11.511Z"}
{"level":"info","message":"LOGIN mansequino@gmail.com log IN","timestamp":"2015-12-01T16:34:05.172Z"}
{"level":"info","message":"LOGIN mansequino@gmail.com log IN","timestamp":"2015-12-01T16:34:54.347Z"}
{"level":"error","message":"LOGIN mansequino@gmail.com INVALID password","timestamp":"2015-12-01T16:42:36.355Z"}
{"level":"error","message":"LOGIN mansequino@gmail.com INVALID password","timestamp":"2015-12-01T16:42:38.256Z"}
{"level":"info","message":"LOGIN mansequino@gmail.com log IN","timestamp":"2015-12-01T16:42:41.580Z"}
{"level":"info","message":"LOGIN mansequino@gmail.com log IN","timestamp":"2015-12-01T16:43:11.123Z"}
{"level":"info","message":"LOGIN mansequino@gmail.com log IN","timestamp":"2015-12-01T16:46:35.632Z"}
{"level":"info","message":"LOGIN mansequino@gmail.com log IN","timestamp":"2015-12-01T16:47:31.669Z"}
{"level":"info","message":"LOGIN mansequino@gmail.com log IN","timestamp":"2015-12-01T16:48:02.398Z"}
{"level":"info","message":"LOGIN mansequino@gmail.com log IN","timestamp":"2015-12-01T16:50:57.195Z"}
{"level":"info","message":"LOGIN mansequino@gmail.com log IN","timestamp":"2015-12-01T16:51:57.946Z"}
{"level":"info","message":"LOGIN mansequino@gmail.com log IN","timestamp":"2015-12-01T16:52:05.021Z"}
{"level":"info","message":"LOGIN mansequino@gmail.com log IN","timestamp":"2015-12-01T16:55:53.186Z"}
{"level":"info","message":"LOGIN mansequino@gmail.com log IN","timestamp":"2015-12-01T17:00:02.094Z"}
{"level":"info","message":"LOGIN mansequino@gmail.com log IN","timestamp":"2015-12-01T17:03:04.080Z"}
{"level":"info","message":"LOGIN mansequino@gmail.com log IN","timestamp":"2015-12-01T17:03:31.793Z"}
{"level":"info","message":"LOGIN mansequino@gmail.com log IN","timestamp":"2015-12-01T17:13:19.419Z"}
{"level":"info","message":"LOGIN mansequino@gmail.com log IN","timestamp":"2015-12-01T17:13:26.158Z"}
{"level":"info","message":"LOGIN mansequino@gmail.com log IN","timestamp":"2015-12-01T17:19:35.300Z"}
{"level":"info","message":"LOGIN mansequino@gmail.com log IN","timestamp":"2015-12-01T17:21:44.689Z"}
{"level":"info","message":"LOGIN mansequino@gmail.com log IN","timestamp":"2015-12-01T17:22:37.348Z"}
{"level":"info","message":"LOGIN mansequino@gmail.com log IN","timestamp":"2015-12-01T17:22:42.823Z"}
{"level":"info","message":"LOGIN mansequino@gmail.com log IN","timestamp":"2015-12-01T17:24:26.670Z"}
{"level":"info","message":"LOGIN mansequino@gmail.com log IN","timestamp":"2015-12-01T17:27:25.218Z"}
{"level":"info","message":"LOGIN mansequino@gmail.com log IN","timestamp":"2015-12-01T17:56:54.479Z"}
{"level":"info","message":"LOGIN mansequino@gmail.com log IN","timestamp":"2015-12-01T18:02:43.697Z"}
{"level":"info","message":"LOGIN mansequino@gmail.com log IN","timestamp":"2015-12-01T21:03:25.919Z"}
{"level":"info","message":"LOGIN mansequino@gmail.com log IN","timestamp":"2015-12-01T21:03:34.775Z"}
{"level":"info","message":"LOGIN mansequino@gmail.com log IN","timestamp":"2015-12-01T21:03:42.151Z"}
{"level":"info","message":"LOGIN mansequino@gmail.com log IN","timestamp":"2015-12-01T21:04:04.218Z"}
{"level":"info","message":"LOGIN mansequino@gmail.com log IN","timestamp":"2015-12-01T21:18:26.824Z"}
{"level":"info","message":"LOGIN mansequino@gmail.com log IN","timestamp":"2015-12-01T21:19:28.909Z"}
{"level":"info","message":"LOGIN mansequino@gmail.com log IN","timestamp":"2015-12-01T21:19:34.270Z"}
{"level":"info","message":"LOGIN mansequino@gmail.com log IN","timestamp":"2015-12-01T21:24:15.000Z"}
{"level":"info","message":"LOGIN mansequino@gmail.com log IN","timestamp":"2015-12-01T21:27:11.885Z"}
{"level":"info","message":"LOGIN mansequino@gmail.com log IN","timestamp":"2015-12-01T21:33:32.466Z"}
{"level":"info","message":"LOGIN mansequino@gmail.com log IN","timestamp":"2015-12-01T21:34:09.414Z"}
{"level":"info","message":"LOGIN mansequino@gmail.com log IN","timestamp":"2015-12-01T21:38:19.811Z"}
{"level":"info","message":"LOGIN mansequino@gmail.com log IN","timestamp":"2015-12-01T21:39:54.147Z"}
{"level":"info","message":"LOGIN mansequino@gmail.com log IN","timestamp":"2015-12-01T21:40:47.106Z"}
{"level":"info","message":"LOGIN mansequino@gmail.com log IN","timestamp":"2015-12-01T21:42:19.894Z"}
{"level":"info","message":"LOGIN mansequino@gmail.com log IN","timestamp":"2015-12-01T21:47:30.570Z"}
{"level":"info","message":"LOGIN mansequino@gmail.com log IN","timestamp":"2015-12-01T21:49:04.521Z"}
{"level":"info","message":"LOGIN mansequino@gmail.com log IN","timestamp":"2015-12-01T21:51:36.625Z"}
{"level":"info","message":"LOGIN mansequino@gmail.com log IN","timestamp":"2015-12-01T21:51:39.740Z"}
{"level":"info","message":"LOGIN mansequino@gmail.com log IN","timestamp":"2015-12-01T21:52:03.637Z"}
{"level":"info","message":"LOGIN mansequino@gmail.com log IN","timestamp":"2015-12-01T21:56:48.223Z"}
{"level":"info","message":"LOGIN mansequino@gmail.com log IN","timestamp":"2015-12-01T22:07:26.877Z"}
{"level":"info","message":"LOGIN mansequino@gmail.com log IN","timestamp":"2015-12-01T22:07:30.480Z"}
{"level":"info","message":"LOGIN mansequino@gmail.com log IN","timestamp":"2015-12-01T22:07:31.867Z"}
{"level":"info","message":"LOGIN mansequino@gmail.com log IN","timestamp":"2015-12-01T22:29:03.062Z"}
{"level":"info","message":"LOGIN mansequino@gmail.com log IN","timestamp":"2015-12-01T22:29:38.828Z"}
{"level":"info","message":"LOGIN mansequino@gmail.com log IN","timestamp":"2015-12-01T22:31:03.946Z"}
{"level":"info","message":"LOGIN mansequino@gmail.com log IN","timestamp":"2015-12-01T22:32:58.744Z"}
{"level":"info","message":"LOGIN mansequino@gmail.com log IN","timestamp":"2015-12-01T22:43:09.360Z"}
{"level":"info","message":"LOGIN mansequino@gmail.com log IN","timestamp":"2015-12-01T22:45:41.150Z"}
{"level":"info","message":"LOGIN mansequino@gmail.com log IN","timestamp":"2015-12-01T22:46:05.521Z"}
{"level":"info","message":"LOGIN mansequino@gmail.com log IN","timestamp":"2015-12-01T22:47:02.548Z"}
{"level":"info","message":"LOGIN mansequino@gmail.com log IN","timestamp":"2015-12-01T22:47:34.087Z"}
{"level":"info","message":"LOGIN mansequino@gmail.com log IN","timestamp":"2015-12-01T22:48:05.353Z"}
{"level":"info","message":"LOGIN mansequino@gmail.com log IN","timestamp":"2015-12-01T22:49:37.841Z"}
{"level":"info","message":"LOGIN mansequino@gmail.com log IN","timestamp":"2015-12-01T22:50:08.922Z"}
{"level":"info","message":"LOGIN mansequino@gmail.com log IN","timestamp":"2015-12-01T22:51:12.611Z"}
{"level":"info","message":"LOGIN mansequino@gmail.com log IN","timestamp":"2015-12-01T22:51:57.479Z"}
{"level":"info","message":"LOGIN mansequino@gmail.com log IN","timestamp":"2015-12-01T22:52:20.375Z"}
{"level":"info","message":"LOGIN mansequino@gmail.com log IN","timestamp":"2015-12-01T22:52:46.145Z"}
{"level":"info","message":"LOGIN mansequino@gmail.com log IN","timestamp":"2015-12-01T22:55:23.469Z"}
{"level":"info","message":"LOGIN mansequino@gmail.com log IN","timestamp":"2015-12-01T22:55:28.817Z"}
{"level":"info","message":"LOGIN mansequino@gmail.com log IN","timestamp":"2015-12-01T22:55:46.914Z"}
{"level":"info","message":"LOGIN mansequino@gmail.com log IN","timestamp":"2015-12-01T22:58:02.098Z"}
{"level":"info","message":"LOGIN mansequino@gmail.com log IN","timestamp":"2015-12-02T09:45:07.144Z"}
{"level":"info","message":"LOGIN mansequino@gmail.com log IN","timestamp":"2015-12-02T09:50:35.196Z"}
{"level":"info","message":"LOGIN mansequino@gmail.com log IN","timestamp":"2015-12-02T09:53:47.005Z"}
{"level":"info","message":"LOGIN mansequino@gmail.com log IN","timestamp":"2015-12-02T09:53:57.361Z"}
{"level":"info","message":"LOGIN mansequino@gmail.com log IN","timestamp":"2015-12-02T09:54:10.350Z"}
{"level":"info","message":"LOGIN mansequino@gmail.com log IN","timestamp":"2015-12-02T09:58:01.371Z"}
{"level":"info","message":"LOGIN mansequino@gmail.com log IN","timestamp":"2015-12-02T10:11:52.844Z"}
{"level":"info","message":"LOGIN mansequino@gmail.com log IN","timestamp":"2015-12-02T10:15:10.113Z"}
{"level":"info","message":"LOGIN mansequino@gmail.com log IN","timestamp":"2015-12-02T13:13:07.286Z"}
{"level":"info","message":"LOGIN mansequino@gmail.com log IN","timestamp":"2015-12-02T13:14:48.056Z"}
{"level":"info","message":"LOGIN mansequino@gmail.com log IN","timestamp":"2015-12-02T13:15:40.373Z"}
{"level":"info","message":"LOGIN mansequino@gmail.com log IN","timestamp":"2015-12-02T13:18:30.445Z"}
{"level":"info","message":"LOGIN mansequino@gmail.com log IN","timestamp":"2015-12-02T13:19:30.171Z"}
{"level":"info","message":"LOGIN mansequino@gmail.com log IN","timestamp":"2015-12-02T13:23:34.349Z"}
{"level":"info","message":"LOGIN mansequino@gmail.com log IN","timestamp":"2015-12-02T13:33:19.219Z"}
{"level":"info","message":"LOGIN mansequino@gmail.com log IN","timestamp":"2015-12-02T13:33:27.774Z"}
{"level":"info","message":"LOGIN mansequino@gmail.com log IN","timestamp":"2015-12-02T13:41:25.385Z"}
{"level":"info","message":"LOGIN mansequino@gmail.com log IN","timestamp":"2015-12-02T13:44:46.281Z"}
{"level":"info","message":"LOGIN mansequino@gmail.com log IN","timestamp":"2015-12-02T13:48:07.231Z"}
{"level":"info","message":"LOGIN mansequino@gmail.com log IN","timestamp":"2015-12-02T13:50:37.177Z"}
{"level":"info","message":"LOGIN mansequino@gmail.com log IN","timestamp":"2015-12-02T13:55:37.306Z"}
{"level":"info","message":"LOGIN mansequino@gmail.com log IN","timestamp":"2015-12-02T13:57:05.688Z"}
{"level":"info","message":"LOGIN mansequino@gmail.com log IN","timestamp":"2015-12-02T13:58:21.311Z"}
{"level":"info","message":"LOGIN mansequino@gmail.com log IN","timestamp":"2015-12-02T14:17:55.032Z"}
{"level":"info","message":"LOGIN mansequino@gmail.com log IN","timestamp":"2015-12-02T14:35:45.214Z"}
{"level":"info","message":"LOGIN mansequino@gmail.com log IN","timestamp":"2015-12-02T14:37:49.698Z"}
{"level":"info","message":"LOGIN mansequino@gmail.com log IN","timestamp":"2015-12-02T14:41:07.084Z"}
{"level":"info","message":"LOGIN mansequino@gmail.com log IN","timestamp":"2015-12-02T14:43:20.293Z"}
{"level":"info","message":"LOGIN mansequino@gmail.com log IN","timestamp":"2015-12-02T14:45:43.241Z"}
{"level":"info","message":"LOGIN mansequino@gmail.com log IN","timestamp":"2015-12-02T14:49:10.162Z"}
{"level":"info","message":"LOGIN mansequino@gmail.com log IN","timestamp":"2015-12-02T14:49:26.069Z"}
{"level":"info","message":"LOGIN mansequino@gmail.com log IN","timestamp":"2015-12-02T14:58:02.506Z"}
{"level":"info","message":"LOGIN mansequino@gmail.com log IN","timestamp":"2015-12-02T15:02:30.561Z"}
{"level":"info","message":"LOGIN mansequino@gmail.com log IN","timestamp":"2015-12-02T15:07:05.295Z"}
{"level":"info","message":"LOGIN mansequino@gmail.com log IN","timestamp":"2015-12-02T15:17:13.106Z"}
{"level":"info","message":"LOGIN mansequino@gmail.com log IN","timestamp":"2015-12-02T15:21:56.169Z"}
{"level":"info","message":"LOGIN mansequino@gmail.com log IN","timestamp":"2015-12-02T15:28:59.532Z"}
{"level":"info","message":"LOGIN mansequino@gmail.com log IN","timestamp":"2015-12-02T15:32:06.004Z"}
{"level":"info","message":"LOGIN mansequino@gmail.com log IN","timestamp":"2015-12-02T15:33:28.588Z"}
{"level":"info","message":"LOGIN mansequino@gmail.com log IN","timestamp":"2015-12-02T15:34:14.143Z"}
{"level":"info","message":"LOGIN mansequino@gmail.com log IN","timestamp":"2015-12-02T15:35:35.140Z"}
{"level":"info","message":"LOGIN mansequino@gmail.com log IN","timestamp":"2015-12-02T15:37:30.152Z"}
{"level":"info","message":"LOGIN mansequino@gmail.com log IN","timestamp":"2015-12-02T15:39:28.491Z"}
{"level":"info","message":"LOGIN mansequino@gmail.com log IN","timestamp":"2015-12-02T15:40:39.105Z"}
{"level":"info","message":"LOGIN mansequino@gmail.com log IN","timestamp":"2015-12-02T15:43:37.005Z"}
{"level":"info","message":"LOGIN mansequino@gmail.com log IN","timestamp":"2015-12-02T15:44:54.624Z"}
{"level":"info","message":"LOGIN mansequino@gmail.com log IN","timestamp":"2015-12-02T15:46:26.974Z"}
{"level":"info","message":"LOGIN mansequino@gmail.com log IN","timestamp":"2015-12-02T15:52:32.267Z"}
{"level":"info","message":"LOGIN mansequino@gmail.com log IN","timestamp":"2015-12-02T16:03:22.367Z"}
{"level":"info","message":"LOGIN mansequino@gmail.com log IN","timestamp":"2015-12-02T16:05:02.497Z"}
{"level":"info","message":"LOGIN mansequino@gmail.com log IN","timestamp":"2015-12-02T16:06:20.699Z"}
{"level":"info","message":"LOGIN mansequino@gmail.com log IN","timestamp":"2015-12-02T16:07:50.191Z"}
{"level":"info","message":"LOGIN mansequino@gmail.com log IN","timestamp":"2015-12-02T16:09:16.685Z"}
{"level":"info","message":"LOGIN mansequino@gmail.com log IN","timestamp":"2015-12-02T16:09:36.112Z"}
{"level":"info","message":"LOGIN mansequino@gmail.com log IN","timestamp":"2015-12-02T16:09:40.266Z"}
{"level":"info","message":"LOGIN mansequino@gmail.com log IN","timestamp":"2015-12-02T16:26:25.117Z"}
{"level":"info","message":"LOGIN mansequino@gmail.com log IN","timestamp":"2015-12-02T16:27:20.543Z"}
{"level":"info","message":"LOGIN mansequino@gmail.com log IN","timestamp":"2015-12-02T16:29:09.600Z"}
{"level":"info","message":"LOGIN mansequino@gmail.com log IN","timestamp":"2015-12-02T16:33:22.419Z"}
{"level":"info","message":"LOGIN mansequino@gmail.com log IN","timestamp":"2015-12-02T16:54:15.417Z"}
{"level":"info","message":"LOGIN mansequino@gmail.com log IN","timestamp":"2015-12-03T21:36:24.500Z"}
{"level":"info","message":"LOGIN mansequino@gmail.com log IN","timestamp":"2015-12-03T21:55:04.225Z"}
{"level":"info","message":"LOGIN mansequino@gmail.com log IN","timestamp":"2015-12-03T21:56:43.980Z"}
{"level":"info","message":"LOGIN mansequino@gmail.com log IN","timestamp":"2015-12-03T22:01:52.474Z"}
{"level":"info","message":"LOGIN mansequino@gmail.com log IN","timestamp":"2015-12-03T22:03:44.818Z"}
{"level":"info","message":"LOGIN mansequino@gmail.com log IN","timestamp":"2015-12-03T22:06:58.485Z"}
{"level":"info","message":"LOGIN mansequino@gmail.com log IN","timestamp":"2015-12-03T22:08:21.760Z"}
{"level":"info","message":"LOGIN mansequino@gmail.com log IN","timestamp":"2015-12-03T22:09:32.753Z"}
{"level":"info","message":"LOGIN mansequino@gmail.com log IN","timestamp":"2015-12-03T22:18:15.193Z"}
{"level":"info","message":"LOGIN mansequino@gmail.com log IN","timestamp":"2015-12-03T22:20:26.860Z"}
{"level":"info","message":"LOGIN mansequino@gmail.com log IN","timestamp":"2015-12-03T22:22:36.146Z"}
{"level":"info","message":"LOGIN mansequino@gmail.com log IN","timestamp":"2015-12-03T22:24:16.209Z"}
{"level":"info","message":"LOGIN mansequino@gmail.com log IN","timestamp":"2015-12-03T22:29:09.399Z"}
{"level":"info","message":"LOGIN mansequino@gmail.com log IN","timestamp":"2015-12-03T22:30:46.627Z"}
{"level":"info","message":"LOGIN mansequino@gmail.com log IN","timestamp":"2015-12-03T22:33:41.325Z"}
{"level":"info","message":"LOGIN mansequino@gmail.com log IN","timestamp":"2015-12-03T22:38:29.660Z"}
{"level":"info","message":"LOGIN mansequino@gmail.com log IN","timestamp":"2015-12-03T22:39:47.481Z"}
{"level":"info","message":"LOGIN mansequino@gmail.com log IN","timestamp":"2015-12-03T22:41:15.475Z"}
{"level":"info","message":"LOGIN mansequino@gmail.com log IN","timestamp":"2015-12-03T22:44:11.630Z"}
{"level":"info","message":"LOGIN mansequino@gmail.com log IN","timestamp":"2015-12-03T22:51:33.040Z"}
{"level":"info","message":"LOGIN mansequino@gmail.com log IN","timestamp":"2015-12-03T22:52:47.550Z"}
{"level":"info","message":"LOGIN mansequino@gmail.com log IN","timestamp":"2015-12-03T22:55:16.366Z"}
{"level":"info","message":"LOGIN mansequino@gmail.com log IN","timestamp":"2015-12-03T22:56:34.552Z"}
{"level":"info","message":"LOGIN mansequino@gmail.com log IN","timestamp":"2015-12-03T23:02:37.263Z"}
{"level":"info","message":"LOGIN mansequino@gmail.com log IN","timestamp":"2015-12-03T23:04:50.364Z"}
{"level":"info","message":"LOGIN mansequino@gmail.com log IN","timestamp":"2015-12-03T23:14:29.149Z"}
{"level":"info","message":"LOGIN mansequino@gmail.com log IN","timestamp":"2015-12-03T23:16:08.881Z"}
{"level":"info","message":"LOGIN mansequino@gmail.com log IN","timestamp":"2015-12-03T23:18:21.407Z"}
{"level":"info","message":"LOGIN mansequino@gmail.com log IN","timestamp":"2015-12-03T23:19:52.647Z"}
{"level":"info","message":"LOGIN mansequino@gmail.com log IN","timestamp":"2015-12-03T23:25:02.675Z"}
{"level":"info","message":"LOGIN mansequino@gmail.com log IN","timestamp":"2015-12-03T23:28:12.090Z"}
{"level":"info","message":"LOGIN mansequino@gmail.com log IN","timestamp":"2015-12-03T23:29:42.880Z"}
{"level":"info","message":"LOGIN mansequino@gmail.com log IN","timestamp":"2015-12-03T23:30:52.298Z"}
{"level":"info","message":"LOGIN mansequino@gmail.com log IN","timestamp":"2015-12-03T23:35:23.908Z"}
{"level":"info","message":"LOGIN mansequino@gmail.com log IN","timestamp":"2015-12-03T23:36:44.646Z"}
{"level":"info","message":"LOGIN mansequino@gmail.com log IN","timestamp":"2015-12-03T23:42:13.518Z"}
{"level":"info","message":"LOGIN mansequino@gmail.com log IN","timestamp":"2015-12-03T23:44:09.571Z"}
{"level":"info","message":"LOGIN mansequino@gmail.com log IN","timestamp":"2015-12-03T23:45:12.521Z"}
{"level":"info","message":"LOGIN mansequino@gmail.com log IN","timestamp":"2015-12-03T23:46:26.003Z"}
{"level":"info","message":"LOGIN mansequino@gmail.com log IN","timestamp":"2015-12-03T23:48:24.969Z"}
{"level":"info","message":"LOGIN mansequino@gmail.com log IN","timestamp":"2015-12-04T16:33:56.049Z"}
{"level":"info","message":"LOGIN mansequino@gmail.com log IN","timestamp":"2015-12-05T18:06:20.651Z"}
{"level":"info","message":"LOGIN mansequino@gmail.com log IN","timestamp":"2015-12-06T14:55:00.276Z"}
{"level":"info","message":"LOGIN mansequino@gmail.com log IN","timestamp":"2015-12-06T15:26:01.688Z"}
{"level":"info","message":"LOGIN mansequino@gmail.com log IN","timestamp":"2015-12-06T15:26:24.421Z"}
{"level":"info","message":"LOGIN mansequino@gmail.com log IN","timestamp":"2015-12-06T15:28:04.897Z"}
{"level":"info","message":"LOGIN mansequino@gmail.com log IN","timestamp":"2015-12-06T15:29:27.610Z"}
{"level":"info","message":"LOGIN mansequino@gmail.com log IN","timestamp":"2015-12-06T15:30:58.258Z"}
{"level":"info","message":"LOGIN mansequino@gmail.com log IN","timestamp":"2015-12-06T15:31:42.143Z"}
{"level":"info","message":"LOGIN mansequino@gmail.com log IN","timestamp":"2015-12-06T15:32:25.579Z"}
{"level":"info","message":"LOGIN mansequino@gmail.com log IN","timestamp":"2015-12-06T15:33:16.374Z"}
{"level":"info","message":"LOGIN mansequino@gmail.com log IN","timestamp":"2015-12-06T15:39:19.247Z"}
{"level":"info","message":"LOGIN man.sequino@gmail.com log IN","timestamp":"2015-12-06T15:42:23.628Z"}
{"level":"info","message":"LOGIN man.sequino@gmail.com log IN","timestamp":"2015-12-06T15:45:32.124Z"}
{"level":"error","message":"LOGIN man.sequino@gmail.com NOT FOUND","timestamp":"2015-12-06T16:01:34.209Z"}
{"level":"info","message":"LOGIN mansequino@gmail.com log IN","timestamp":"2015-12-06T16:01:42.804Z"}
{"level":"info","message":"LOGIN mansequino@gmail.com log IN","timestamp":"2015-12-06T16:03:14.165Z"}
{"level":"info","message":"LOGIN man.sequino@gmail.com log IN","timestamp":"2015-12-06T16:04:10.332Z"}
{"level":"info","message":"LOGIN m.ansequino@gmail.com log IN","timestamp":"2015-12-06T16:06:58.051Z"}
{"level":"info","message":"LOGIN m.ansequino@gmail.com log IN","timestamp":"2015-12-06T16:29:23.067Z"}
{"level":"info","message":"LOGIN man.sequino@gmail.com log IN","timestamp":"2015-12-06T16:31:55.489Z"}
{"level":"info","message":"LOGIN man.sequino@gmail.com log IN","timestamp":"2015-12-06T16:32:54.546Z"}
{"level":"info","message":"LOGIN man.sequino@gmail.com log IN","timestamp":"2015-12-06T16:33:11.908Z"}
{"level":"info","message":"LOGIN man.sequino@gmail.com log IN","timestamp":"2015-12-06T16:34:37.076Z"}
{"level":"info","message":"LOGIN man.sequino@gmail.com log IN","timestamp":"2015-12-06T16:35:37.110Z"}
{"level":"info","message":"LOGIN man.sequino@gmail.com log IN","timestamp":"2015-12-06T16:35:56.635Z"}
{"level":"info","message":"LOGIN man.sequino@gmail.com log IN","timestamp":"2015-12-06T16:39:31.265Z"}
{"level":"info","message":"LOGIN man.sequino@gmail.com log IN","timestamp":"2015-12-06T16:39:50.396Z"}
{"level":"info","message":"LOGIN man.sequino@gmail.com log IN","timestamp":"2015-12-06T16:40:59.055Z"}
{"level":"info","message":"LOGIN man.sequino@gmail.com log IN","timestamp":"2015-12-06T16:42:45.337Z"}
{"level":"info","message":"LOGIN man.sequino@gmail.com log IN","timestamp":"2015-12-06T16:48:53.610Z"}
{"level":"info","message":"LOGIN man.sequino@gmail.com log IN","timestamp":"2015-12-06T16:55:49.243Z"}
{"level":"info","message":"LOGIN man.sequino@gmail.com log IN","timestamp":"2015-12-06T16:56:08.640Z"}
{"level":"info","message":"LOGIN man.sequino@gmail.com log IN","timestamp":"2015-12-07T11:10:35.017Z"}
{"level":"info","message":"LOGIN man.sequino@gmail.com log IN","timestamp":"2015-12-07T11:13:53.975Z"}
{"level":"info","message":"LOGIN man.sequino@gmail.com log IN","timestamp":"2015-12-07T11:14:22.200Z"}
{"level":"info","message":"LOGIN man.sequino@gmail.com log IN","timestamp":"2015-12-07T11:23:01.276Z"}
{"level":"info","message":"LOGIN man.sequino@gmail.com log IN","timestamp":"2015-12-07T11:25:17.996Z"}
{"level":"info","message":"LOGIN man.sequino@gmail.com log IN","timestamp":"2015-12-07T11:40:33.552Z"}
{"level":"info","message":"LOGIN man.sequino@gmail.com log IN","timestamp":"2015-12-07T11:41:12.022Z"}
{"level":"info","message":"LOGIN m.ansequino@gmail.com log IN","timestamp":"2015-12-07T11:41:26.720Z"}
{"level":"info","message":"LOGIN man.sequino@gmail.com log IN","timestamp":"2015-12-07T11:45:45.572Z"}
{"level":"info","message":"LOGIN man.sequino@gmail.com log IN","timestamp":"2015-12-07T11:45:57.470Z"}
{"level":"info","message":"LOGIN man.sequino@gmail.com log IN","timestamp":"2015-12-07T11:46:20.252Z"}
{"level":"info","message":"LOGIN man.sequino@gmail.com log IN","timestamp":"2015-12-07T11:46:45.275Z"}
{"level":"info","message":"LOGIN m.ansequino@gmail.com log IN","timestamp":"2015-12-07T11:46:51.481Z"}
{"level":"info","message":"LOGIN m.ansequino@gmail.com log IN","timestamp":"2015-12-07T11:48:21.473Z"}
{"level":"info","message":"LOGIN man.sequino@gmail.com log IN","timestamp":"2015-12-07T11:49:13.585Z"}
{"level":"info","message":"LOGIN man.sequino@gmail.com log IN","timestamp":"2015-12-07T11:49:59.431Z"}
{"level":"info","message":"LOGIN man.sequino@gmail.com log IN","timestamp":"2015-12-07T11:50:05.099Z"}
{"level":"info","message":"LOGIN m.ansequino@gmail.com log IN","timestamp":"2015-12-07T11:50:16.595Z"}
{"level":"info","message":"LOGIN mansequino@gmail.com log IN","timestamp":"2015-12-07T11:50:31.355Z"}
{"level":"info","message":"LOGIN mansequino@gmail.com log IN","timestamp":"2015-12-07T11:52:42.800Z"}
{"level":"info","message":"LOGIN mansequino@gmail.com log IN","timestamp":"2015-12-07T11:53:31.455Z"}
{"level":"info","message":"LOGIN m.ansequino@gmail.com log IN","timestamp":"2015-12-07T11:54:03.996Z"}
{"level":"info","message":"LOGIN man.sequino@gmail.com log IN","timestamp":"2015-12-07T11:54:17.079Z"}
{"level":"info","message":"LOGIN man.sequino@gmail.com log IN","timestamp":"2015-12-07T11:56:15.218Z"}
{"level":"info","message":"LOGIN man.sequino@gmail.com log IN","timestamp":"2015-12-07T11:56:39.549Z"}
{"level":"info","message":"LOGIN m.ansequino@gmail.com log IN","timestamp":"2015-12-07T11:57:15.561Z"}
{"level":"info","message":"LOGIN mansequino@gmail.com log IN","timestamp":"2015-12-07T11:57:30.225Z"}
{"level":"info","message":"LOGIN m.ansequino@gmail.com log IN","timestamp":"2015-12-07T12:28:44.197Z"}
{"level":"info","message":"LOGIN mansequino@gmail.com log IN","timestamp":"2015-12-07T12:39:01.781Z"}
{"level":"info","message":"LOGIN m.ansequino@gmail.com log IN","timestamp":"2015-12-07T12:39:07.903Z"}
{"level":"info","message":"LOGIN m.ansequino@gmail.com log IN","timestamp":"2015-12-07T12:40:30.597Z"}
{"level":"info","message":"LOGIN mansequino@gmail.com log IN","timestamp":"2015-12-07T12:44:15.473Z"}
{"level":"info","message":"LOGIN m.ansequino@gmail.com log IN","timestamp":"2015-12-07T12:44:19.512Z"}
{"level":"info","message":"LOGIN mansequino@gmail.com log IN","timestamp":"2015-12-07T12:45:08.874Z"}
{"level":"info","message":"LOGIN m.ansequino@gmail.com log IN","timestamp":"2015-12-07T12:45:13.659Z"}
{"level":"info","message":"LOGIN m.ansequino@gmail.com log IN","timestamp":"2015-12-07T12:47:20.780Z"}
{"level":"info","message":"LOGIN m.ansequino@gmail.com log IN","timestamp":"2015-12-07T12:49:45.310Z"}
{"level":"info","message":"LOGIN m.ansequino@gmail.com log IN","timestamp":"2015-12-07T12:50:21.739Z"}
{"level":"info","message":"LOGIN m.ansequino@gmail.com log IN","timestamp":"2015-12-07T13:02:09.824Z"}
{"level":"info","message":"LOGIN m.ansequino@gmail.com log IN","timestamp":"2015-12-07T13:02:49.780Z"}
{"level":"info","message":"LOGIN m.ansequino@gmail.com log IN","timestamp":"2015-12-07T13:06:09.222Z"}
{"level":"info","message":"LOGIN m.ansequino@gmail.com log IN","timestamp":"2015-12-07T13:52:49.542Z"}
{"level":"info","message":"LOGIN mansequino@gmail.com log IN","timestamp":"2015-12-07T13:55:44.342Z"}
{"level":"info","message":"LOGIN m.ansequino@gmail.com log IN","timestamp":"2015-12-07T13:55:49.371Z"}
{"level":"info","message":"LOGIN mansequino@gmail.com log IN","timestamp":"2015-12-07T17:35:12.999Z"}
{"level":"info","message":"LOGIN m.ansequino@gmail.com log IN","timestamp":"2015-12-07T17:35:21.077Z"}
{"level":"info","message":"LOGIN mansequino@gmail.com log IN","timestamp":"2015-12-07T18:17:26.299Z"}
{"level":"info","message":"LOGIN m.ansequino@gmail.com log IN","timestamp":"2015-12-07T18:17:30.614Z"}
{"level":"info","message":"LOGIN m.ansequino@gmail.com log IN","timestamp":"2015-12-07T18:19:15.625Z"}
{"level":"info","message":"LOGIN m.ansequino@gmail.com log IN","timestamp":"2015-12-07T18:20:08.351Z"}
{"level":"info","message":"LOGIN m.ansequino@gmail.com log IN","timestamp":"2015-12-07T18:21:00.593Z"}
{"level":"info","message":"LOGIN m.ansequino@gmail.com log IN","timestamp":"2015-12-07T18:21:34.325Z"}
{"level":"info","message":"LOGIN m.ansequino@gmail.com log IN","timestamp":"2015-12-07T18:23:24.579Z"}
{"level":"info","message":"LOGIN m.ansequino@gmail.com log IN","timestamp":"2015-12-07T18:30:57.693Z"}
{"level":"info","message":"LOGIN m.ansequino@gmail.com log IN","timestamp":"2015-12-07T18:33:24.395Z"}
{"level":"info","message":"LOGIN mansequino@gmail.com log IN","timestamp":"2015-12-07T18:38:26.697Z"}
{"level":"info","message":"LOGIN m.ansequino@gmail.com log IN","timestamp":"2015-12-07T18:38:31.300Z"}
{"level":"info","message":"LOGIN m.ansequino@gmail.com log IN","timestamp":"2015-12-07T18:41:20.376Z"}
{"level":"info","message":"LOGIN mansequino@gmail.com log IN","timestamp":"2015-12-07T18:48:41.950Z"}
{"level":"error","message":"LOGIN m-ansequino@gmail.com NOT FOUND","timestamp":"2015-12-07T18:48:45.380Z"}
{"level":"info","message":"LOGIN m.ansequino@gmail.com log IN","timestamp":"2015-12-07T18:48:46.866Z"}
{"level":"info","message":"LOGIN m.ansequino@gmail.com log IN","timestamp":"2015-12-07T18:49:10.923Z"}
{"level":"info","message":"LOGIN m.ansequino@gmail.com log IN","timestamp":"2015-12-07T18:55:33.363Z"}
{"level":"info","message":"LOGIN m.ansequino@gmail.com log IN","timestamp":"2015-12-07T19:10:19.169Z"}
{"level":"info","message":"LOGIN m.ansequino@gmail.com log IN","timestamp":"2015-12-07T19:11:32.709Z"}
{"level":"info","message":"LOGIN mansequino@gmail.com log IN","timestamp":"2015-12-07T19:16:00.515Z"}
{"level":"info","message":"LOGIN mansequino@gmail.com log IN","timestamp":"2015-12-07T19:16:48.861Z"}
{"level":"info","message":"LOGIN mansequino@gmail.com log IN","timestamp":"2015-12-07T19:17:37.587Z"}
{"level":"info","message":"LOGIN mansequino@gmail.com log IN","timestamp":"2015-12-07T19:27:01.079Z"}
{"level":"info","message":"LOGIN mansequino@gmail.com log IN","timestamp":"2015-12-07T19:27:24.273Z"}
{"level":"info","message":"LOGIN mansequino@gmail.com log IN","timestamp":"2015-12-07T19:27:58.951Z"}
{"level":"info","message":"LOGIN mansequino@gmail.com log IN","timestamp":"2015-12-07T19:28:47.997Z"}
{"level":"info","message":"LOGIN mansequino@gmail.com log IN","timestamp":"2015-12-07T19:34:32.169Z"}
{"level":"info","message":"LOGIN mansequino@gmail.com log IN","timestamp":"2015-12-07T19:34:55.856Z"}
{"level":"error","message":"LOGIN mansequino@gmail.com INVALID password","timestamp":"2015-12-07T19:35:01.246Z"}
{"level":"info","message":"LOGIN mansequino@gmail.com log IN","timestamp":"2015-12-07T19:35:46.078Z"}
{"level":"info","message":"LOGIN mansequino@gmail.com log IN","timestamp":"2015-12-07T19:36:21.065Z"}
{"level":"info","message":"LOGIN mansequino@gmail.com log IN","timestamp":"2015-12-07T19:37:48.926Z"}
{"level":"error","message":"LOGIN mansequino@gmail.com NOT FOUND","timestamp":"2015-12-07T19:39:27.741Z"}
{"level":"info","message":"LOGIN m.ansequino@gmail.com log IN","timestamp":"2015-12-07T19:39:30.840Z"}
{"level":"error","message":"LOGIN mansequino@gmail.com NOT FOUND","timestamp":"2015-12-07T19:41:41.068Z"}
{"level":"error","message":"LOGIN mansequino@gmail.com NOT FOUND","timestamp":"2015-12-07T19:41:47.692Z"}
{"level":"error","message":"LOGIN mansequino@gmail.com NOT FOUND","timestamp":"2015-12-07T19:42:52.342Z"}
{"level":"info","message":"LOGIN m.ansequino@gmail.com log IN","timestamp":"2015-12-07T19:42:54.184Z"}
{"level":"info","message":"LOGIN m.ansequino@gmail.com log IN","timestamp":"2015-12-07T19:44:49.131Z"}
{"level":"info","message":"LOGIN m.ansequino@gmail.com log IN","timestamp":"2015-12-07T19:46:44.212Z"}
{"level":"error","message":"LOGIN mansequino@gmail.com NOT FOUND","timestamp":"2015-12-07T19:47:13.696Z"}
{"level":"info","message":"LOGIN m.ansequino@gmail.com log IN","timestamp":"2015-12-07T19:47:15.479Z"}
{"level":"info","message":"LOGIN m.ansequino@gmail.com log IN","timestamp":"2015-12-07T19:48:08.183Z"}
{"level":"info","message":"LOGIN mansequino@gmail.com log IN","timestamp":"2015-12-07T19:49:01.873Z"}
{"level":"error","message":"LOGIN mansequino@gmail.com INVALID password","timestamp":"2015-12-07T19:49:26.890Z"}
{"level":"error","message":"LOGIN mansequino@gmail.com INVALID password","timestamp":"2015-12-07T19:49:33.035Z"}
{"level":"info","message":"LOGIN mansequino@gmail.com log IN","timestamp":"2015-12-07T19:50:16.211Z"}
{"level":"info","message":"LOGIN mansequino@gmail.com log IN","timestamp":"2015-12-07T19:51:48.152Z"}
{"level":"info","message":"LOGIN mansequino@gmail.com log IN","timestamp":"2015-12-07T19:53:07.572Z"}
{"level":"info","message":"LOGIN mansequino@gmail.com log IN","timestamp":"2015-12-07T19:53:44.312Z"}
{"level":"error","message":"LOGIN mansequino@gmail.com INVALID password","timestamp":"2015-12-07T19:57:14.270Z"}
{"level":"info","message":"LOGIN mansequino@gmail.com log IN","timestamp":"2015-12-07T19:57:19.825Z"}
{"level":"info","message":"LOGIN mansequino@gmail.com log IN","timestamp":"2015-12-07T19:57:59.567Z"}
{"level":"info","message":"LOGIN mansequino@gmail.com log IN","timestamp":"2015-12-07T19:59:00.799Z"}
{"level":"info","message":"LOGIN mansequino@gmail.com log IN","timestamp":"2015-12-07T20:00:06.741Z"}
{"level":"error","message":"LOGIN mansequino@gmail.com INVALID password","timestamp":"2015-12-07T20:00:36.530Z"}
{"level":"info","message":"LOGIN mansequino@gmail.com log IN","timestamp":"2015-12-07T20:00:41.193Z"}
{"level":"error","message":"LOGIN mansequino@gmail.com INVALID password","timestamp":"2015-12-07T20:01:28.903Z"}
{"level":"error","message":"LOGIN mansequino@gmail.com INVALID password","timestamp":"2015-12-07T20:01:30.192Z"}
{"level":"info","message":"LOGIN mansequino@gmail.com log IN","timestamp":"2015-12-07T20:01:35.610Z"}
{"level":"info","message":"LOGIN mansequino@gmail.com log IN","timestamp":"2015-12-07T20:02:41.704Z"}
{"level":"info","message":"LOGIN mansequino@gmail.com log IN","timestamp":"2015-12-07T20:03:36.228Z"}
{"level":"info","message":"LOGIN mansequino@gmail.com log IN","timestamp":"2015-12-07T20:05:13.321Z"}
{"level":"info","message":"LOGIN mansequino@gmail.com log IN","timestamp":"2015-12-07T20:08:02.335Z"}
{"level":"info","message":"LOGIN mansequino@gmail.com log IN","timestamp":"2015-12-07T20:08:35.529Z"}
{"level":"info","message":"LOGIN mansequino@gmail.com log IN","timestamp":"2015-12-07T20:10:26.483Z"}
{"level":"info","message":"LOGIN mansequino@gmail.com log IN","timestamp":"2015-12-07T20:12:35.850Z"}
{"level":"error","message":"LOGIN mansequino@gmail.com INVALID password","timestamp":"2015-12-07T20:12:52.038Z"}
{"level":"error","message":"LOGIN mansequino@gmail.com INVALID password","timestamp":"2015-12-07T20:13:21.651Z"}
{"level":"info","message":"LOGIN mansequino@gmail.com log IN","timestamp":"2015-12-07T20:13:25.839Z"}
{"level":"info","message":"LOGIN mansequino@gmail.com log IN","timestamp":"2015-12-07T20:16:42.516Z"}
{"level":"info","message":"LOGIN mansequino@gmail.com log IN","timestamp":"2015-12-07T20:19:07.994Z"}
{"level":"info","message":"LOGIN mansequino@gmail.com log IN","timestamp":"2015-12-07T20:21:10.189Z"}
{"level":"info","message":"LOGIN mansequino@gmail.com log IN","timestamp":"2015-12-07T20:24:13.025Z"}
{"level":"info","message":"LOGIN mansequino@gmail.com log IN","timestamp":"2015-12-07T20:25:00.478Z"}
{"level":"info","message":"LOGIN mansequino@gmail.com log IN","timestamp":"2015-12-07T20:26:06.671Z"}
{"level":"info","message":"LOGIN mansequino@gmail.com log IN","timestamp":"2015-12-07T20:26:43.192Z"}
{"level":"info","message":"LOGIN mansequino@gmail.com log IN","timestamp":"2015-12-07T20:31:08.491Z"}
{"level":"info","message":"LOGIN mansequino@gmail.com log IN","timestamp":"2015-12-07T20:32:18.993Z"}
{"level":"info","message":"LOGIN mansequino@gmail.com log IN","timestamp":"2015-12-07T20:32:43.838Z"}
{"level":"info","message":"LOGIN mansequino@gmail.com log IN","timestamp":"2015-12-07T20:33:05.611Z"}
{"level":"info","message":"LOGIN m.ansequino@gmail.com log IN","timestamp":"2015-12-07T20:33:38.607Z"}
{"level":"info","message":"LOGIN mansequino@gmail.com log IN","timestamp":"2015-12-07T20:33:49.799Z"}
{"level":"info","message":"LOGIN mansequino@gmail.com log IN","timestamp":"2015-12-07T21:06:54.739Z"}
{"level":"info","message":"LOGIN mansequino@gmail.com log IN","timestamp":"2015-12-07T21:08:31.468Z"}
{"level":"info","message":"LOGIN m.ansequino@gmail.com log IN","timestamp":"2015-12-07T21:48:37.265Z"}
{"level":"info","message":"LOGIN m.ansequino@gmail.com log IN","timestamp":"2015-12-07T21:51:01.447Z"}
{"level":"info","message":"LOGIN m.ansequino@gmail.com log IN","timestamp":"2015-12-07T21:52:32.203Z"}
{"level":"error","message":"LOGIN mansequino@gmail.com INVALID password","timestamp":"2015-12-10T08:36:11.422Z"}
{"level":"info","message":"LOGIN m.ansequino@gmail.com log IN","timestamp":"2015-12-10T08:36:17.624Z"}
{"level":"info","message":"LOGIN m.ansequino@gmail.com log IN","timestamp":"2015-12-10T08:50:09.916Z"}
{"level":"info","message":"LOGIN m.ansequino@gmail.com log IN","timestamp":"2015-12-10T08:51:15.339Z"}
{"level":"info","message":"LOGIN m.ansequino@gmail.com log IN","timestamp":"2015-12-10T08:51:39.539Z"}
{"level":"info","message":"LOGIN m.ansequino@gmail.com log IN","timestamp":"2015-12-10T09:09:43.829Z"}
{"level":"info","message":"LOGIN m.ansequino@gmail.com log IN","timestamp":"2015-12-10T09:10:26.615Z"}
{"level":"info","message":"LOGIN m.ansequino@gmail.com log IN","timestamp":"2015-12-10T09:11:35.806Z"}
{"level":"info","message":"LOGIN m.ansequino@gmail.com log IN","timestamp":"2015-12-10T09:12:38.455Z"}
{"level":"info","message":"LOGIN m.ansequino@gmail.com log IN","timestamp":"2015-12-10T09:13:13.669Z"}
{"level":"info","message":"LOGIN m.ansequino@gmail.com log IN","timestamp":"2015-12-10T09:14:49.421Z"}
{"level":"info","message":"LOGIN m.ansequino@gmail.com log IN","timestamp":"2015-12-10T09:28:21.934Z"}
{"level":"info","message":"LOGIN m.ansequino@gmail.com log IN","timestamp":"2015-12-10T09:29:06.360Z"}
{"level":"info","message":"LOGIN m.ansequino@gmail.com log IN","timestamp":"2015-12-10T09:32:05.827Z"}
{"level":"info","message":"LOGIN m.ansequino@gmail.com log IN","timestamp":"2015-12-10T09:33:44.360Z"}
{"level":"info","message":"LOGIN m.ansequino@gmail.com log IN","timestamp":"2015-12-10T09:38:07.905Z"}
{"level":"info","message":"LOGIN m.ansequino@gmail.com log IN","timestamp":"2015-12-10T10:06:07.584Z"}
{"level":"info","message":"LOGIN m.ansequino@gmail.com log IN","timestamp":"2015-12-10T10:29:10.360Z"}
{"level":"info","message":"LOGIN m.ansequino@gmail.com log IN","timestamp":"2015-12-10T10:31:19.154Z"}
{"level":"info","message":"LOGIN m.ansequino@gmail.com log IN","timestamp":"2015-12-10T10:31:56.535Z"}
{"level":"error","message":"LOGIN mansequino@gmail.com INVALID password","timestamp":"2015-12-10T10:36:21.487Z"}
{"level":"info","message":"LOGIN mansequino@gmail.com log IN","timestamp":"2015-12-10T10:36:42.997Z"}
{"level":"info","message":"LOGIN mansequino@gmail.com log IN","timestamp":"2015-12-10T10:37:33.853Z"}
{"level":"info","message":"LOGIN m.ansequino@gmail.com log IN","timestamp":"2015-12-10T10:41:34.026Z"}
{"level":"info","message":"LOGIN m.ansequino@gmail.com log IN","timestamp":"2015-12-10T10:44:02.150Z"}
{"level":"info","message":"LOGIN m.ansequino@gmail.com log IN","timestamp":"2015-12-10T10:44:59.545Z"}
{"level":"info","message":"LOGIN m.ansequino@gmail.com log IN","timestamp":"2015-12-10T10:47:14.746Z"}
{"level":"info","message":"LOGIN mansequino@gmail.com log IN","timestamp":"2015-12-10T10:47:24.721Z"}
{"level":"info","message":"LOGIN m.ansequino@gmail.com log IN","timestamp":"2015-12-10T10:50:34.543Z"}
{"level":"info","message":"LOGIN mansequino@gmail.com log IN","timestamp":"2015-12-10T10:50:47.058Z"}
{"level":"info","message":"LOGIN m.ansequino@gmail.com log IN","timestamp":"2015-12-10T10:53:17.353Z"}
{"level":"info","message":"LOGIN m.ansequino@gmail.com log IN","timestamp":"2015-12-10T10:54:02.190Z"}
{"level":"info","message":"LOGIN m.ansequino@gmail.com log IN","timestamp":"2015-12-10T10:54:21.935Z"}
{"level":"info","message":"LOGIN m.ansequino@gmail.com log IN","timestamp":"2015-12-10T13:16:07.629Z"}
{"level":"info","message":"LOGIN mansequino@gmail.com log IN","timestamp":"2015-12-10T15:33:40.787Z"}
{"level":"info","message":"LOGIN mansequino@gmail.com log IN","timestamp":"2015-12-10T15:33:59.620Z"}
{"level":"info","message":"LOGIN mansequino@gmail.com log IN","timestamp":"2015-12-10T15:44:13.281Z"}
{"level":"info","message":"LOGIN mansequino@gmail.com log IN","timestamp":"2015-12-10T15:49:35.151Z"}
{"level":"info","message":"LOGIN mansequino@gmail.com log IN","timestamp":"2015-12-10T15:51:15.639Z"}
{"level":"info","message":"LOGIN mansequino@gmail.com log IN","timestamp":"2015-12-10T15:51:37.783Z"}
{"level":"info","message":"LOGIN mansequino@gmail.com log IN","timestamp":"2015-12-10T16:05:00.723Z"}
{"level":"info","message":"LOGIN mansequino@gmail.com log IN","timestamp":"2015-12-10T16:06:11.093Z"}
{"level":"info","message":"LOGIN mansequino@gmail.com log IN","timestamp":"2015-12-10T16:06:24.576Z"}
{"level":"info","message":"LOGIN mansequino@gmail.com log IN","timestamp":"2015-12-10T16:07:44.745Z"}
{"level":"info","message":"LOGIN mansequino@gmail.com log IN","timestamp":"2015-12-10T16:08:38.592Z"}
{"level":"info","message":"LOGIN mansequino@gmail.com log IN","timestamp":"2015-12-10T16:11:49.280Z"}
{"level":"info","message":"LOGIN mansequino@gmail.com log IN","timestamp":"2015-12-10T16:14:30.063Z"}
{"level":"info","message":"LOGIN mansequino@gmail.com log IN","timestamp":"2015-12-10T16:16:25.797Z"}
{"level":"info","message":"LOGIN mansequino@gmail.com log IN","timestamp":"2015-12-10T16:19:46.029Z"}
{"level":"info","message":"LOGIN mansequino@gmail.com log IN","timestamp":"2015-12-10T16:22:56.017Z"}
{"level":"info","message":"LOGIN mansequino@gmail.com log IN","timestamp":"2015-12-10T16:25:49.775Z"}
{"level":"info","message":"LOGIN mansequino@gmail.com log IN","timestamp":"2015-12-10T16:45:09.404Z"}
{"level":"info","message":"LOGIN mansequino@gmail.com log IN","timestamp":"2015-12-10T16:45:41.792Z"}
{"level":"info","message":"LOGIN mansequino@gmail.com log IN","timestamp":"2015-12-10T16:47:11.859Z"}
{"level":"info","message":"LOGIN mansequino@gmail.com log IN","timestamp":"2015-12-10T16:48:42.166Z"}
{"level":"info","message":"LOGIN mansequino@gmail.com log IN","timestamp":"2015-12-10T16:50:07.391Z"}
{"level":"info","message":"LOGIN mansequino@gmail.com log IN","timestamp":"2015-12-10T16:50:57.796Z"}
{"level":"info","message":"LOGIN mansequino@gmail.com log IN","timestamp":"2015-12-10T16:53:59.093Z"}
{"level":"info","message":"LOGIN m.ansequino@gmail.com log IN","timestamp":"2015-12-10T16:57:29.849Z"}
{"level":"info","message":"LOGIN mansequino@gmail.com log IN","timestamp":"2015-12-10T16:58:06.949Z"}
{"level":"info","message":"LOGIN mansequino@gmail.com log IN","timestamp":"2015-12-10T17:00:57.715Z"}
{"level":"info","message":"LOGIN mansequino@gmail.com log IN","timestamp":"2015-12-10T17:03:27.788Z"}
{"level":"info","message":"LOGIN mansequino@gmail.com log IN","timestamp":"2015-12-10T17:05:21.214Z"}
{"level":"info","message":"LOGIN mansequino@gmail.com log IN","timestamp":"2015-12-10T17:06:53.760Z"}
{"level":"info","message":"LOGIN m.ansequino@gmail.com log IN","timestamp":"2015-12-10T17:07:33.986Z"}
{"level":"info","message":"LOGIN mansequino@gmail.com log IN","timestamp":"2015-12-10T17:09:10.370Z"}
{"level":"info","message":"LOGIN mansequino@gmail.com log IN","timestamp":"2015-12-10T17:14:29.667Z"}
{"level":"info","message":"LOGIN mansequino@gmail.com log IN","timestamp":"2015-12-10T17:15:59.385Z"}
{"level":"info","message":"LOGIN mansequino@gmail.com log IN","timestamp":"2015-12-10T17:17:50.308Z"}
{"level":"info","message":"LOGIN mansequino@gmail.com log IN","timestamp":"2015-12-10T17:25:01.907Z"}
{"level":"info","message":"LOGIN mansequino@gmail.com log IN","timestamp":"2015-12-10T17:26:55.512Z"}
{"level":"info","message":"LOGIN mansequino@gmail.com log IN","timestamp":"2015-12-10T17:27:44.034Z"}
{"level":"info","message":"LOGIN mansequino@gmail.com log IN","timestamp":"2015-12-10T17:31:13.176Z"}
{"level":"info","message":"LOGIN m.ansequino@gmail.com log IN","timestamp":"2015-12-11T08:46:34.378Z"}
{"level":"error","message":"LOGIN m-ansequino@gmail.com NOT FOUND","timestamp":"2015-12-11T09:18:06.688Z"}
{"level":"info","message":"LOGIN m.ansequino@gmail.com log IN","timestamp":"2015-12-11T09:18:07.977Z"}
{"level":"info","message":"LOGIN m.ansequino@gmail.com log IN","timestamp":"2015-12-11T09:18:57.455Z"}
{"level":"info","message":"LOGIN m.ansequino@gmail.com log IN","timestamp":"2015-12-12T09:48:46.952Z"}
{"level":"info","message":"LOGIN m.ansequino@gmail.com log IN","timestamp":"2015-12-12T15:09:47.157Z"}
{"level":"info","message":"LOGIN m.ansequino@gmail.com log IN","timestamp":"2015-12-12T21:52:21.587Z"}
{"level":"info","message":"LOGIN m.ansequino@gmail.com log IN","timestamp":"2015-12-13T10:07:54.919Z"}
{"level":"info","message":"LOGIN m.ansequino@gmail.com log IN","timestamp":"2015-12-13T12:02:28.293Z"}
{"level":"info","message":"LOGIN m.ansequino@gmail.com log IN","timestamp":"2015-12-13T12:52:37.941Z"}
{"level":"info","message":"LOGIN m.ansequino@gmail.com log IN","timestamp":"2015-12-13T12:55:38.003Z"}
{"level":"info","message":"LOGIN m.ansequino@gmail.com log IN","timestamp":"2015-12-13T14:59:15.805Z"}
{"level":"info","message":"LOGIN m.ansequino@gmail.com log IN","timestamp":"2015-12-13T15:01:44.870Z"}
{"level":"info","message":"LOGIN m.ansequino@gmail.com log IN","timestamp":"2015-12-13T15:10:47.582Z"}
{"level":"info","message":"LOGIN m.ansequino@gmail.com log IN","timestamp":"2015-12-13T16:38:58.982Z"}
{"level":"info","message":"LOGIN m.ansequino@gmail.com log IN","timestamp":"2015-12-13T16:50:27.992Z"}
{"level":"info","message":"LOGIN m.ansequino@gmail.com log IN","timestamp":"2015-12-13T16:51:36.247Z"}
{"level":"info","message":"LOGIN m.ansequino@gmail.com log IN","timestamp":"2015-12-13T16:53:08.380Z"}
{"level":"info","message":"LOGIN m.ansequino@gmail.com log IN","timestamp":"2015-12-13T16:55:03.177Z"}
{"level":"info","message":"LOGIN m.ansequino@gmail.com log IN","timestamp":"2015-12-13T17:26:55.314Z"}
{"level":"info","message":"LOGIN m.ansequino@gmail.com log IN","timestamp":"2015-12-13T17:32:51.205Z"}
{"level":"info","message":"LOGIN m.ansequino@gmail.com log IN","timestamp":"2015-12-13T17:37:33.978Z"}
{"level":"info","message":"LOGIN m.ansequino@gmail.com log IN","timestamp":"2015-12-13T17:40:41.027Z"}
{"level":"info","message":"LOGIN m.ansequino@gmail.com log IN","timestamp":"2015-12-13T17:43:26.774Z"}
{"level":"info","message":"LOGIN m.ansequino@gmail.com log IN","timestamp":"2015-12-13T17:44:42.051Z"}
{"level":"info","message":"LOGIN m.ansequino@gmail.com log IN","timestamp":"2015-12-13T18:24:23.360Z"}
{"level":"info","message":"LOGIN m.ansequino@gmail.com log IN","timestamp":"2015-12-13T18:29:07.902Z"}
{"level":"info","message":"LOGIN m.ansequino@gmail.com log IN","timestamp":"2015-12-13T18:31:58.952Z"}
{"level":"info","message":"LOGIN m.ansequino@gmail.com log IN","timestamp":"2015-12-13T18:37:26.514Z"}
{"level":"info","message":"LOGIN m.ansequino@gmail.com log IN","timestamp":"2015-12-13T18:50:48.086Z"}
{"level":"info","message":"LOGIN m.ansequino@gmail.com log IN","timestamp":"2015-12-13T18:52:06.647Z"}
{"level":"info","message":"LOGIN m.ansequino@gmail.com log IN","timestamp":"2015-12-13T18:54:54.663Z"}
{"level":"info","message":"LOGIN m.ansequino@gmail.com log IN","timestamp":"2015-12-13T18:55:41.934Z"}
{"level":"info","message":"LOGIN m.ansequino@gmail.com log IN","timestamp":"2015-12-13T18:58:40.616Z"}
{"level":"info","message":"LOGIN m.ansequino@gmail.com log IN","timestamp":"2015-12-13T19:07:58.661Z"}
{"level":"info","message":"LOGIN m.ansequino@gmail.com log IN","timestamp":"2015-12-13T19:12:06.348Z"}
{"level":"info","message":"LOGIN mansequino@gmail.com log IN","timestamp":"2015-12-13T19:29:25.436Z"}
{"level":"info","message":"LOGIN m.ansequino@gmail.com log IN","timestamp":"2015-12-13T19:41:37.336Z"}
{"level":"info","message":"LOGIN m.ansequino@gmail.com log IN","timestamp":"2015-12-13T19:45:13.410Z"}
{"level":"info","message":"LOGIN m.ansequino@gmail.com log IN","timestamp":"2015-12-13T19:46:53.516Z"}
{"level":"info","message":"LOGIN m.ansequino@gmail.com log IN","timestamp":"2015-12-13T19:50:47.790Z"}
{"level":"info","message":"LOGIN m.ansequino@gmail.com log IN","timestamp":"2015-12-13T19:51:47.686Z"}
{"level":"info","message":"LOGIN m.ansequino@gmail.com log IN","timestamp":"2015-12-13T19:53:28.630Z"}
{"level":"info","message":"LOGIN m.ansequino@gmail.com log IN","timestamp":"2015-12-14T08:56:33.333Z"}
{"level":"error","message":"LOGIN mansequino@gmail.com INVALID password","timestamp":"2015-12-17T17:34:07.865Z"}
{"level":"info","message":"LOGIN m.ansequino@gmail.com log IN","timestamp":"2015-12-17T17:34:10.020Z"}
{"level":"info","message":"LOGIN mansequino@gmail.com log IN","timestamp":"2015-12-17T17:46:13.581Z"}
{"level":"info","message":"LOGIN mansequino@gmail.com log IN","timestamp":"2015-12-17T17:48:57.012Z"}
{"level":"info","message":"LOGIN m.ansequino@gmail.com log IN","timestamp":"2015-12-19T10:46:24.203Z"}
{"level":"error","message":"LOGIN mansequino@gmail.com INVALID password","timestamp":"2015-12-19T10:49:27.058Z"}
{"level":"info","message":"LOGIN mansequino@gmail.com log IN","timestamp":"2015-12-19T10:49:36.940Z"}
{"level":"info","message":"LOGIN mansequino@gmail.com log IN","timestamp":"2015-12-19T10:49:59.065Z"}
{"level":"info","message":"LOGIN mansequino@gmail.com log IN","timestamp":"2015-12-19T10:53:37.438Z"}
{"level":"info","message":"LOGIN mansequino@gmail.com log IN","timestamp":"2015-12-19T10:55:49.364Z"}
{"level":"info","message":"LOGIN mansequino@gmail.com log IN","timestamp":"2015-12-19T10:59:44.396Z"}
{"level":"info","message":"LOGIN mansequino@gmail.com log IN","timestamp":"2015-12-19T10:59:46.768Z"}
{"level":"info","message":"LOGIN mansequino@gmail.com log IN","timestamp":"2015-12-19T11:04:47.150Z"}
{"level":"info","message":"LOGIN mansequino@gmail.com log IN","timestamp":"2015-12-19T11:14:52.661Z"}
{"level":"info","message":"LOGIN mansequino@gmail.com log IN","timestamp":"2015-12-19T11:15:32.037Z"}
{"level":"info","message":"LOGIN mansequino@gmail.com log IN","timestamp":"2015-12-19T11:16:21.671Z"}
{"level":"info","message":"LOGIN mansequino@gmail.com log IN","timestamp":"2015-12-19T11:17:35.281Z"}
{"level":"info","message":"LOGIN mansequino@gmail.com log IN","timestamp":"2015-12-19T11:20:15.891Z"}
{"level":"info","message":"LOGIN mansequino@gmail.com log IN","timestamp":"2015-12-19T11:22:03.199Z"}
{"level":"info","message":"LOGIN mansequino@gmail.com log IN","timestamp":"2015-12-19T11:22:59.345Z"}
{"level":"info","message":"LOGIN mansequino@gmail.com log IN","timestamp":"2015-12-19T11:24:18.171Z"}
{"level":"info","message":"LOGIN mansequino@gmail.com log IN","timestamp":"2015-12-19T11:33:48.500Z"}
{"level":"info","message":"LOGIN mansequino@gmail.com log IN","timestamp":"2015-12-19T11:39:38.728Z"}
{"level":"info","message":"LOGIN mansequino@gmail.com log IN","timestamp":"2015-12-19T11:42:02.539Z"}
{"level":"info","message":"LOGIN mansequino@gmail.com log IN","timestamp":"2015-12-19T11:42:25.430Z"}
{"level":"info","message":"LOGIN mansequino@gmail.com log IN","timestamp":"2015-12-19T11:42:51.126Z"}
{"level":"info","message":"LOGIN mansequino@gmail.com log IN","timestamp":"2015-12-19T11:43:56.202Z"}
{"level":"info","message":"LOGIN mansequino@gmail.com log IN","timestamp":"2015-12-19T11:47:03.678Z"}
{"level":"info","message":"LOGIN mansequino@gmail.com log IN","timestamp":"2015-12-19T11:47:20.128Z"}
{"level":"info","message":"LOGIN mansequino@gmail.com log IN","timestamp":"2015-12-19T11:49:34.766Z"}
{"level":"info","message":"LOGIN mansequino@gmail.com log IN","timestamp":"2015-12-19T11:50:07.388Z"}
{"level":"info","message":"LOGIN mansequino@gmail.com log IN","timestamp":"2015-12-19T11:55:56.707Z"}
{"level":"info","message":"LOGIN m.ansequino@gmail.com log IN","timestamp":"2015-12-19T12:36:51.885Z"}
{"level":"info","message":"LOGIN m.ansequino@gmail.com log IN","timestamp":"2015-12-19T12:43:03.474Z"}
{"level":"info","message":"LOGIN mansequino@gmail.com log IN","timestamp":"2015-12-19T13:36:17.766Z"}
{"level":"info","message":"LOGIN m.ansequino@gmail.com log IN","timestamp":"2015-12-19T14:17:00.472Z"}
{"level":"info","message":"LOGIN mansequino@gmail.com log IN","timestamp":"2015-12-19T14:31:44.322Z"}
{"level":"info","message":"LOGIN mansequino@gmail.com log IN","timestamp":"2015-12-19T14:34:40.496Z"}
{"level":"info","message":"LOGIN mansequino@gmail.com log IN","timestamp":"2015-12-19T14:47:00.479Z"}
{"level":"info","message":"LOGIN mansequino@gmail.com log IN","timestamp":"2015-12-19T14:49:06.917Z"}
{"level":"info","message":"LOGIN mansequino@gmail.com log IN","timestamp":"2015-12-19T14:51:27.837Z"}
{"level":"info","message":"LOGIN mansequino@gmail.com log IN","timestamp":"2015-12-19T14:52:48.384Z"}
{"level":"info","message":"LOGIN mansequino@gmail.com log IN","timestamp":"2015-12-19T14:53:52.548Z"}
{"level":"info","message":"LOGIN mansequino@gmail.com log IN","timestamp":"2015-12-19T14:55:19.446Z"}
{"level":"info","message":"LOGIN mansequino@gmail.com log IN","timestamp":"2015-12-19T14:59:57.994Z"}
{"level":"info","message":"LOGIN mansequino@gmail.com log IN","timestamp":"2015-12-19T15:20:35.583Z"}
{"level":"info","message":"LOGIN mansequino@gmail.com log IN","timestamp":"2015-12-19T15:23:33.532Z"}
{"level":"info","message":"LOGIN mansequino@gmail.com log IN","timestamp":"2015-12-19T15:25:52.810Z"}
{"level":"info","message":"LOGIN mansequino@gmail.com log IN","timestamp":"2015-12-19T15:28:01.672Z"}
{"level":"info","message":"LOGIN mansequino@gmail.com log IN","timestamp":"2015-12-19T15:29:49.480Z"}
{"level":"info","message":"LOGIN m.ansequino@gmail.com log IN","timestamp":"2015-12-19T15:30:30.276Z"}
{"level":"info","message":"LOGIN mansequino@gmail.com log IN","timestamp":"2015-12-19T15:36:02.136Z"}
{"level":"info","message":"LOGIN m.ansequino@gmail.com log IN","timestamp":"2015-12-19T15:39:43.797Z"}
{"level":"info","message":"LOGIN m.ansequino@gmail.com log IN","timestamp":"2015-12-19T15:40:49.884Z"}
{"level":"info","message":"LOGIN m.ansequino@gmail.com log IN","timestamp":"2015-12-19T15:42:03.623Z"}
{"level":"info","message":"LOGIN m.ansequino@gmail.com log IN","timestamp":"2015-12-19T15:45:31.344Z"}
{"level":"info","message":"LOGIN mansequino@gmail.com log IN","timestamp":"2015-12-19T15:46:13.264Z"}
{"level":"info","message":"LOGIN mansequino@gmail.com log IN","timestamp":"2015-12-19T15:49:56.657Z"}
{"level":"info","message":"LOGIN mansequino@gmail.com log IN","timestamp":"2015-12-19T15:50:37.492Z"}
{"level":"info","message":"LOGIN m.ansequino@gmail.com log IN","timestamp":"2015-12-19T15:50:59.005Z"}
{"level":"info","message":"LOGIN m.ansequino@gmail.com log IN","timestamp":"2015-12-19T16:02:10.685Z"}
{"level":"info","message":"LOGIN mansequino@gmail.com log IN","timestamp":"2015-12-19T16:02:37.497Z"}
{"level":"info","message":"LOGIN m.ansequino@gmail.com log IN","timestamp":"2015-12-19T16:04:17.001Z"}
{"level":"info","message":"LOGIN mansequino@gmail.com log IN","timestamp":"2015-12-19T16:04:37.814Z"}
{"level":"info","message":"LOGIN m.ansequino@gmail.com log IN","timestamp":"2015-12-19T16:07:04.340Z"}
{"level":"info","message":"LOGIN mansequino@gmail.com log IN","timestamp":"2015-12-19T16:07:30.914Z"}
{"level":"info","message":"LOGIN m.ansequino@gmail.com log IN","timestamp":"2015-12-19T16:08:57.047Z"}
{"level":"info","message":"LOGIN mansequino@gmail.com log IN","timestamp":"2015-12-19T16:09:21.419Z"}
{"level":"info","message":"LOGIN m.ansequino@gmail.com log IN","timestamp":"2015-12-19T16:10:43.125Z"}
{"level":"info","message":"LOGIN mansequino@gmail.com log IN","timestamp":"2015-12-19T16:10:59.462Z"}
{"level":"info","message":"LOGIN m.ansequino@gmail.com log IN","timestamp":"2015-12-19T16:12:21.992Z"}
{"level":"info","message":"LOGIN mansequino@gmail.com log IN","timestamp":"2015-12-19T16:12:42.882Z"}
{"level":"error","message":"LOGIN mansequino@gmail.com INVALID password","timestamp":"2015-12-19T16:13:26.342Z"}
{"level":"error","message":"LOGIN mansequino@gmail.com INVALID password","timestamp":"2015-12-19T16:13:29.007Z"}
{"level":"error","message":"LOGIN mansequino@gmail.com INVALID password","timestamp":"2015-12-19T16:13:50.713Z"}
{"level":"error","message":"LOGIN mansequino@gmail.com INVALID password","timestamp":"2015-12-19T16:14:22.910Z"}
{"level":"info","message":"LOGIN m.ansequino@gmail.com log IN","timestamp":"2015-12-19T16:14:49.250Z"}
{"level":"info","message":"LOGIN mansequino@gmail.com log IN","timestamp":"2015-12-19T16:15:10.514Z"}
{"level":"info","message":"LOGIN m.ansequino@gmail.com log IN","timestamp":"2015-12-19T16:17:25.471Z"}
{"level":"error","message":"LOGIN mansequino@gmail.com INVALID password","timestamp":"2015-12-19T16:17:51.703Z"}
{"level":"error","message":"LOGIN mansequino@gmail.com INVALID password","timestamp":"2015-12-19T16:17:55.361Z"}
{"level":"info","message":"LOGIN mansequino@gmail.com log IN","timestamp":"2015-12-19T16:18:35.166Z"}
{"level":"info","message":"LOGIN mansequino@gmail.com log IN","timestamp":"2015-12-19T16:18:58.052Z"}
{"level":"info","message":"LOGIN m.ansequino@gmail.com log IN","timestamp":"2015-12-19T16:21:07.700Z"}
{"level":"info","message":"LOGIN mansequino@gmail.com log IN","timestamp":"2015-12-19T16:21:50.639Z"}
{"level":"info","message":"LOGIN mansequino@gmail.com log IN","timestamp":"2015-12-19T16:22:26.375Z"}
{"level":"info","message":"LOGIN mansequino@gmail.com log IN","timestamp":"2015-12-19T16:23:09.248Z"}
{"level":"info","message":"LOGIN mansequino@gmail.com log IN","timestamp":"2015-12-19T16:25:46.818Z"}
{"level":"info","message":"LOGIN mansequino@gmail.com log IN","timestamp":"2015-12-19T16:27:08.285Z"}
{"level":"info","message":"LOGIN mansequino@gmail.com log IN","timestamp":"2015-12-19T16:28:08.683Z"}
{"level":"info","message":"LOGIN mansequino@gmail.com log IN","timestamp":"2015-12-19T16:29:09.933Z"}
{"level":"info","message":"LOGIN mansequino@gmail.com log IN","timestamp":"2015-12-19T16:30:52.539Z"}
{"level":"info","message":"LOGIN mansequino@gmail.com log IN","timestamp":"2015-12-19T16:31:03.115Z"}
{"level":"info","message":"LOGIN mansequino@gmail.com log IN","timestamp":"2015-12-19T16:36:22.364Z"}
{"level":"info","message":"LOGIN mansequino@gmail.com log IN","timestamp":"2015-12-19T16:36:49.307Z"}
{"level":"info","message":"LOGIN mansequino@gmail.com log IN","timestamp":"2015-12-19T16:37:26.775Z"}
{"level":"info","message":"LOGIN m.ansequino@gmail.com log IN","timestamp":"2015-12-19T16:53:06.691Z"}
{"level":"info","message":"LOGIN m.ansequino@gmail.com log IN","timestamp":"2015-12-19T17:46:45.247Z"}
{"level":"info","message":"LOGIN m.ansequino@gmail.com log IN","timestamp":"2015-12-19T17:52:58.473Z"}
{"level":"info","message":"LOGIN m.ansequino@gmail.com log IN","timestamp":"2015-12-19T17:53:18.436Z"}
{"level":"info","message":"LOGIN m.ansequino@gmail.com log IN","timestamp":"2015-12-19T17:53:58.613Z"}
{"level":"info","message":"LOGIN m.ansequino@gmail.com log IN","timestamp":"2015-12-19T17:55:11.733Z"}
{"level":"info","message":"LOGIN m.ansequino@gmail.com log IN","timestamp":"2015-12-19T17:55:29.322Z"}
{"level":"info","message":"LOGIN m.ansequino@gmail.com log IN","timestamp":"2015-12-19T17:56:29.274Z"}
{"level":"info","message":"LOGIN m.ansequino@gmail.com log IN","timestamp":"2015-12-19T17:56:55.470Z"}
{"level":"info","message":"LOGIN m.ansequino@gmail.com log IN","timestamp":"2015-12-19T17:58:28.387Z"}
{"level":"info","message":"LOGIN m.ansequino@gmail.com log IN","timestamp":"2015-12-19T17:59:33.094Z"}
{"level":"info","message":"LOGIN mansequino@gmail.com log IN","timestamp":"2015-12-19T18:30:56.195Z"}
{"level":"info","message":"LOGIN m.ansequino@gmail.com log IN","timestamp":"2015-12-19T18:31:14.559Z"}
{"level":"info","message":"LOGIN mansequino@gmail.com log IN","timestamp":"2015-12-19T18:46:12.161Z"}
{"level":"info","message":"LOGIN mansequino@gmail.com log IN","timestamp":"2015-12-19T18:50:53.758Z"}
{"level":"info","message":"LOGIN mansequino@gmail.com log IN","timestamp":"2015-12-19T18:52:40.617Z"}
{"level":"info","message":"LOGIN mansequino@gmail.com log IN","timestamp":"2015-12-19T18:52:45.517Z"}
{"level":"info","message":"LOGIN m.ansequino@gmail.com log IN","timestamp":"2015-12-21T14:55:58.601Z"}
{"level":"info","message":"LOGIN man.sequino@gmail.com log IN","timestamp":"2015-12-21T14:56:23.379Z"}
{"level":"info","message":"LOGIN mansequino@gmail.com log IN","timestamp":"2015-12-21T16:05:35.251Z"}
{"level":"info","message":"LOGIN man.sequino@gmail.com log IN","timestamp":"2015-12-21T16:05:54.931Z"}
{"level":"info","message":"LOGIN man.sequino@gmail.com log IN","timestamp":"2015-12-21T16:06:53.460Z"}
{"level":"info","message":"LOGIN man.sequino@gmail.com log IN","timestamp":"2015-12-21T16:08:32.894Z"}
{"level":"info","message":"LOGIN man.sequino@gmail.com log IN","timestamp":"2015-12-21T16:09:47.715Z"}
{"level":"info","message":"LOGIN man.sequino@gmail.com log IN","timestamp":"2015-12-21T16:10:21.689Z"}
{"level":"info","message":"LOGIN man.sequino@gmail.com log IN","timestamp":"2015-12-21T16:18:27.290Z"}
{"level":"info","message":"LOGIN man.sequino@gmail.com log IN","timestamp":"2015-12-21T16:19:46.625Z"}
{"level":"info","message":"LOGIN man.sequino@gmail.com log IN","timestamp":"2015-12-21T16:22:06.213Z"}
{"level":"info","message":"LOGIN man.sequino@gmail.com log IN","timestamp":"2015-12-21T16:25:29.606Z"}
{"level":"error","message":"LOGIN mansequino@gmail.com INVALID password","timestamp":"2016-01-13T14:34:55.141Z"}
{"level":"error","message":"LOGIN mansequino@gmail.com INVALID password","timestamp":"2016-01-13T14:34:57.232Z"}
{"level":"info","message":"LOGIN mansequino@gmail.com log IN","timestamp":"2016-01-13T14:35:01.564Z"}
{"level":"error","message":"LOGIN mansequin.o@gmail.com INVALID password","timestamp":"2016-01-13T14:35:26.389Z"}
{"level":"error","message":"LOGIN mansequin.o@gmail.com INVALID password","timestamp":"2016-01-13T14:35:31.214Z"}
{"level":"error","message":"LOGIN mansequin.o@gmail.com INVALID password","timestamp":"2016-01-13T14:35:33.028Z"}
{"level":"error","message":"LOGIN man.sequino@gmail.com INVALID password","timestamp":"2016-01-13T14:35:36.384Z"}
{"level":"info","message":"LOGIN man.sequino@gmail.com log IN","timestamp":"2016-01-13T14:35:38.078Z"}
{"level":"error","message":"LOGIN mansequin.o@gmail.com INVALID password","timestamp":"2016-01-13T15:35:36.918Z"}
{"level":"error","message":"LOGIN mansequin.o@gmail.com INVALID password","timestamp":"2016-01-13T15:35:40.481Z"}
{"level":"error","message":"LOGIN mansequin.o@gmail.com INVALID password","timestamp":"2016-01-13T15:35:42.343Z"}
{"level":"error","message":"LOGIN mansequin.o@gmail.com INVALID password","timestamp":"2016-01-13T15:35:45.108Z"}
{"level":"error","message":"LOGIN mansequin.o@gmail.com INVALID password","timestamp":"2016-01-13T15:35:47.279Z"}
{"level":"info","message":"LOGIN mansequino@gmail.com log IN","timestamp":"2016-01-13T15:35:56.065Z"}
{"level":"info","message":"LOGIN man.sequino@gmail.com log IN","timestamp":"2016-01-13T15:36:03.326Z"}
{"level":"info","message":"LOGIN mansequino@gmail.com log IN","timestamp":"2016-01-14T22:22:09.304Z"}
{"level":"info","message":"LOGIN mansequino@gmail.com log IN","timestamp":"2016-01-14T22:25:49.725Z"}
{"level":"info","message":"LOGIN mansequino@gmail.com log IN","timestamp":"2016-01-14T22:27:07.477Z"}
{"level":"info","message":"LOGIN mansequino@gmail.com log IN","timestamp":"2016-01-14T22:27:57.052Z"}
{"level":"info","message":"LOGIN mansequino@gmail.com log IN","timestamp":"2016-01-14T22:28:18.441Z"}
{"level":"info","message":"LOGIN mansequino@gmail.com log IN","timestamp":"2016-01-14T22:28:46.411Z"}
{"level":"info","message":"LOGIN mansequino@gmail.com log IN","timestamp":"2016-01-14T22:29:35.163Z"}
{"level":"info","message":"LOGIN mansequino@gmail.com log IN","timestamp":"2016-01-14T22:30:29.842Z"}
{"level":"info","message":"LOGIN mansequino@gmail.com log IN","timestamp":"2016-01-14T22:31:05.754Z"}
{"level":"info","message":"LOGIN mansequino@gmail.com log IN","timestamp":"2016-01-14T22:31:30.460Z"}
{"level":"info","message":"LOGIN mansequino@gmail.com log IN","timestamp":"2016-01-14T22:31:36.703Z"}
{"level":"info","message":"LOGIN mansequino@gmail.com log IN","timestamp":"2016-01-14T22:44:55.905Z"}
{"level":"info","message":"LOGIN mansequino@gmail.com log IN","timestamp":"2016-01-14T22:46:05.339Z"}
{"level":"info","message":"LOGIN mansequino@gmail.com log IN","timestamp":"2016-01-14T22:48:27.265Z"}
{"level":"info","message":"LOGIN mansequino@gmail.com log IN","timestamp":"2016-01-14T22:49:02.486Z"}
{"level":"info","message":"LOGIN mansequino@gmail.com log IN","timestamp":"2016-01-14T22:49:07.483Z"}
{"level":"info","message":"LOGIN mansequino@gmail.com log IN","timestamp":"2016-01-14T22:50:10.782Z"}
{"level":"info","message":"LOGIN mansequino@gmail.com log IN","timestamp":"2016-01-14T23:07:40.672Z"}
{"level":"info","message":"LOGIN mansequino@gmail.com log IN","timestamp":"2016-01-14T23:13:06.888Z"}
{"level":"info","message":"LOGIN mansequino@gmail.com log IN","timestamp":"2016-01-14T23:22:37.275Z"}
{"level":"info","message":"LOGIN man.sequino@gmail.com log IN","timestamp":"2016-01-14T23:27:14.891Z"}
{"level":"info","message":"LOGIN m.ansequino@gmail.com log IN","timestamp":"2016-01-14T23:27:31.079Z"}
{"level":"info","message":"LOGIN man.sequino@gmail.com log IN","timestamp":"2016-01-14T23:27:57.709Z"}
{"level":"info","message":"LOGIN m.ansequino@gmail.com log IN","timestamp":"2016-01-14T23:31:55.553Z"}
